\BOOKMARK [1][-]{section.1}{\376\377\000I\000n\000t\000r\000o\000d\000u\000z\000i\000o\000n\000e}{}% 1
\BOOKMARK [1][-]{section.2}{\376\377\000A\000n\000a\000l\000i\000s\000i\000\040\000e\000\040\000s\000p\000e\000c\000i\000f\000i\000c\000a\000\040\000d\000e\000i\000\040\000r\000e\000q\000u\000i\000s\000i\000t\000i}{}% 2
\BOOKMARK [2][-]{subsection.2.1}{\376\377\000M\000o\000d\000e\000l\000a\000z\000i\000o\000n\000e\000\040\000d\000e\000i\000\040\000c\000a\000s\000i\000\040\000d\000'\000u\000s\000o}{section.2}% 3
\BOOKMARK [3][-]{subsubsection.2.1.1}{\376\377\000U\000s\000e\000\040\000C\000a\000s\000e\000\040\000D\000i\000a\000g\000r\000a\000m\000\040\000C\000o\000m\000p\000l\000e\000t\000o}{subsection.2.1}% 4
\BOOKMARK [2][-]{subsection.2.2}{\376\377\000D\000i\000a\000g\000r\000a\000m\000m\000a\000\040\000c\000a\000s\000o\000\040\000d\000'\000u\000s\000o\000\040\000-\000\040\000U\000t\000e\000n\000t\000e\000\040\000G\000e\000n\000e\000r\000i\000c\000o}{section.2}% 5
\BOOKMARK [3][-]{subsubsection.2.2.1}{\376\377\000A\000t\000t\000o\000r\000i}{subsection.2.2}% 6
\BOOKMARK [2][-]{subsection.2.3}{\376\377\000D\000i\000a\000g\000r\000a\000m\000m\000a\000\040\000c\000a\000s\000o\000\040\000d\000'\000u\000s\000o\000\040\000-\000\040\000U\000t\000e\000n\000t\000e\000\040\000n\000o\000n\000\040\000r\000e\000g\000i\000s\000t\000r\000a\000t\000o}{section.2}% 7
\BOOKMARK [2][-]{subsection.2.4}{\376\377\000D\000i\000a\000g\000r\000a\000m\000m\000a\000\040\000c\000a\000s\000o\000\040\000d\000'\000u\000s\000o\000\040\000-\000\040\000U\000t\000e\000n\000t\000e\000\040\000r\000e\000g\000i\000s\000t\000r\000a\000t\000o}{section.2}% 8
\BOOKMARK [2][-]{subsection.2.5}{\376\377\000D\000i\000a\000g\000r\000a\000m\000m\000a\000\040\000c\000a\000s\000o\000\040\000d\000'\000u\000s\000o\000\040\000-\000\040\000A\000g\000e\000n\000t\000e\000\040\000i\000m\000m\000o\000b\000i\000l\000i\000a\000r\000e}{section.2}% 9
\BOOKMARK [2][-]{subsection.2.6}{\376\377\000D\000i\000a\000g\000r\000a\000m\000m\000a\000\040\000c\000a\000s\000o\000\040\000d\000'\000u\000s\000o\000\040\000-\000\040\000A\000m\000m\000i\000n\000i\000s\000t\000r\000a\000t\000o\000r\000e\000\040\000a\000g\000e\000n\000z\000i\000a}{section.2}% 10
\BOOKMARK [3][-]{subsubsection.2.6.1}{\376\377\000T\000a\000b\000e\000l\000l\000a\000\040\000d\000e\000i\000\040\000c\000a\000s\000i\000\040\000d\000'\000u\000s\000o}{subsection.2.6}% 11
\BOOKMARK [2][-]{subsection.2.7}{\376\377\000P\000e\000r\000s\000o\000n\000a\000s}{section.2}% 12
\BOOKMARK [2][-]{subsection.2.8}{\376\377\000D\000e\000s\000c\000r\000i\000z\000i\000o\000n\000e\000\040\000t\000e\000s\000t\000u\000a\000l\000e\000\040\000s\000t\000r\000u\000t\000t\000u\000r\000a\000t\000e\000\040\000d\000e\000i\000\040\000c\000a\000s\000i\000\040\000d\000'\000u\000s\000o}{section.2}% 13
\BOOKMARK [3][-]{subsubsection.2.8.1}{\376\377\000C\000o\000c\000k\000b\000u\000r\000n\000\040\000c\000a\000s\000o\000\040\000u\000s\000o\000:\000\040\000R\000i\000c\000e\000r\000c\000a\000\040\000i\000m\000m\000o\000b\000i\000l\000e}{subsection.2.8}% 14
\BOOKMARK [3][-]{subsubsection.2.8.2}{\376\377\000C\000o\000c\000k\000b\000u\000r\000n\000\040\000c\000a\000s\000o\000\040\000u\000s\000o\000:\000\040\000C\000a\000r\000i\000c\000a\000m\000e\000n\000t\000o\000\040\000d\000i\000\040\000u\000n\000\040\000i\000m\000m\000o\000b\000i\000l\000e}{subsection.2.8}% 15
\BOOKMARK [3][-]{subsubsection.2.8.3}{\376\377\000C\000o\000c\000k\000b\000u\000r\000n\000\040\000c\000a\000s\000o\000\040\000u\000s\000o\000:\000\040\000A\000g\000g\000i\000o\000r\000n\000a\000m\000e\000n\000t\000o\000\040\000d\000i\000\040\000u\000n\000\040\000i\000m\000m\000o\000b\000i\000l\000e}{subsection.2.8}% 16
\BOOKMARK [3][-]{subsubsection.2.8.4}{\376\377\000C\000o\000c\000k\000b\000u\000r\000n\000\040\000c\000a\000s\000o\000\040\000u\000s\000o\000:\000\040\000C\000r\000e\000a\000z\000i\000o\000n\000e\000\040\000a\000c\000c\000o\000u\000n\000t\000\040\000a\000g\000e\000n\000t\000e\000\040\000i\000m\000m\000o\000b\000i\000l\000i\000a\000r\000e}{subsection.2.8}% 17
\BOOKMARK [2][-]{subsection.2.9}{\376\377\000I\000n\000t\000r\000o\000d\000u\000z\000i\000o\000n\000e\000\040\000M\000o\000c\000k\000u\000p\000\040\000a\000\040\000b\000a\000s\000s\000a\000\040\000f\000e\000d\000e\000l\000t\000\340}{section.2}% 18
\BOOKMARK [2][-]{subsection.2.10}{\376\377\000H\000o\000m\000e\000p\000a\000g\000e}{section.2}% 19
\BOOKMARK [2][-]{subsection.2.11}{\376\377\000P\000a\000g\000i\000n\000a\000\040\000d\000i\000\040\000R\000i\000c\000e\000r\000c\000a}{section.2}% 20
\BOOKMARK [2][-]{subsection.2.12}{\376\377\000D\000e\000t\000t\000a\000g\000l\000i\000o\000\040\000I\000m\000m\000o\000b\000i\000l\000e}{section.2}% 21
\BOOKMARK [2][-]{subsection.2.13}{\376\377\000P\000a\000g\000i\000n\000a\000\040\000A\000g\000e\000n\000z\000i\000a\000\040\000I\000m\000m\000o\000b\000i\000l\000i\000a\000r\000e}{section.2}% 22
\BOOKMARK [2][-]{subsection.2.14}{\376\377\000I\000n\000s\000e\000r\000i\000m\000e\000n\000t\000o\000\040\000I\000m\000m\000o\000b\000i\000l\000e}{section.2}% 23
\BOOKMARK [2][-]{subsection.2.15}{\376\377\000A\000c\000c\000e\000s\000s\000o\000\040\000e\000\040\000R\000e\000g\000i\000s\000t\000r\000a\000z\000i\000o\000n\000e}{section.2}% 24
\BOOKMARK [2][-]{subsection.2.16}{\376\377\000P\000a\000n\000n\000e\000l\000l\000i\000\040\000d\000i\000\040\000P\000r\000o\000f\000i\000l\000o}{section.2}% 25
\BOOKMARK [2][-]{subsection.2.17}{\376\377\000P\000r\000o\000f\000i\000l\000o\000\040\000U\000t\000e\000n\000t\000e\000\040\000P\000r\000i\000v\000a\000t\000o}{section.2}% 26
\BOOKMARK [2][-]{subsection.2.18}{\376\377\000P\000r\000o\000f\000i\000l\000o\000\040\000A\000g\000e\000n\000t\000e}{section.2}% 27
\BOOKMARK [2][-]{subsection.2.19}{\376\377\000D\000e\000s\000c\000r\000i\000z\000i\000o\000n\000e\000\040\000d\000e\000i\000\040\000r\000e\000q\000u\000i\000s\000i\000t\000i\000\040\000n\000o\000n\000\040\000f\000u\000n\000z\000i\000o\000n\000a\000l\000i\000\040\000e\000\040\000d\000i\000\040\000d\000o\000m\000i\000n\000i\000o}{section.2}% 28
\BOOKMARK [3][-]{subsubsection.2.19.1}{\376\377\000R\000e\000q\000u\000i\000s\000i\000t\000i\000\040\000n\000o\000n\000\040\000f\000u\000n\000z\000i\000o\000n\000a\000l\000i}{subsection.2.19}% 29
\BOOKMARK [3][-]{subsubsection.2.19.2}{\376\377\000R\000e\000q\000u\000i\000s\000i\000t\000i\000\040\000d\000i\000\040\000D\000o\000m\000i\000n\000i\000o}{subsection.2.19}% 30
\BOOKMARK [1][-]{section.3}{\376\377\000D\000e\000s\000i\000g\000n\000\040\000d\000e\000l\000\040\000s\000i\000s\000t\000e\000m\000a}{}% 31
\BOOKMARK [2][-]{subsection.3.1}{\376\377\000D\000e\000s\000c\000r\000i\000z\000i\000o\000n\000e\000\040\000d\000e\000l\000l\040\031\000a\000r\000c\000h\000i\000t\000e\000t\000t\000u\000r\000a\000\040\000p\000r\000o\000p\000o\000s\000t\000a}{section.3}% 32
\BOOKMARK [2][-]{subsection.3.2}{\376\377\000D\000e\000s\000c\000r\000i\000z\000i\000o\000n\000e\000\040\000e\000\040\000m\000o\000t\000i\000v\000a\000z\000i\000o\000n\000e\000\040\000d\000e\000l\000l\000e\000\040\000s\000c\000e\000l\000t\000e\000\040\000t\000e\000c\000n\000o\000l\000o\000g\000i\000c\000h\000e}{section.3}% 33
\BOOKMARK [2][-]{subsection.3.3}{\376\377\000C\000o\000m\000u\000n\000i\000c\000a\000z\000i\000o\000n\000e\000\040\000B\000a\000c\000k\000e\000n\000d\000-\000F\000r\000o\000n\000t\000e\000n\000d}{section.3}% 34
\BOOKMARK [3][-]{subsubsection.3.3.1}{\376\377\000P\000r\000o\000t\000o\000c\000o\000l\000l\000o\000\040\000d\000i\000\040\000C\000o\000m\000u\000n\000i\000c\000a\000z\000i\000o\000n\000e\000\040\000e\000\040\000F\000o\000r\000m\000a\000t\000o\000\040\000D\000a\000t\000i}{subsection.3.3}% 35
\BOOKMARK [3][-]{subsubsection.3.3.2}{\376\377\000M\000a\000p\000p\000i\000n\000g\000\040\000d\000e\000l\000l\000e\000\040\000O\000p\000e\000r\000a\000z\000i\000o\000n\000i\000\040\000C\000R\000U\000D}{subsection.3.3}% 36
\BOOKMARK [3][-]{subsubsection.3.3.3}{\376\377\000S\000i\000c\000u\000r\000e\000z\000z\000a\000\040\000e\000\040\000V\000a\000l\000i\000d\000a\000z\000i\000o\000n\000e}{subsection.3.3}% 37
\BOOKMARK [2][-]{subsection.3.4}{\376\377\000D\000e\000s\000c\000r\000i\000z\000i\000o\000n\000e\000\040\000d\000e\000l\000l\000o\000\040\000s\000c\000h\000e\000m\000a\000\040\000p\000e\000r\000\040\000l\000a\000\040\000p\000e\000r\000s\000i\000s\000t\000e\000n\000z\000a\000\040\000d\000a\000t\000i}{section.3}% 38
\BOOKMARK [2][-]{subsection.3.5}{\376\377\000I\000m\000p\000l\000e\000m\000e\000n\000t\000a\000z\000i\000o\000n\000e}{section.3}% 39
\BOOKMARK [3][-]{subsubsection.3.5.1}{\376\377\000C\000r\000e\000a\000z\000i\000o\000n\000e\000\040\000d\000e\000l\000\040\000d\000a\000t\000a\000b\000a\000s\000e}{subsection.3.5}% 40
\BOOKMARK [3][-]{subsubsection.3.5.2}{\376\377\000C\000r\000e\000a\000z\000i\000o\000n\000e\000\040\000d\000i\000\040\000u\000n\000\040\000m\000o\000d\000e\000l\000l\000o}{subsection.3.5}% 41
\BOOKMARK [2][-]{subsection.3.6}{\376\377\000D\000e\000s\000c\000r\000i\000z\000i\000o\000n\000e\000\040\000d\000e\000l\000l\000e\000\040\000s\000c\000e\000l\000t\000e\000\040\000d\000i\000\040\000d\000e\000s\000i\000g\000n\000\040\000d\000e\000l\000l\000'\000i\000n\000t\000e\000r\000f\000a\000c\000c\000i\000a\000\040\000u\000t\000e\000n\000t\000e}{section.3}% 42
\BOOKMARK [3][-]{subsubsection.3.6.1}{\376\377\000I\000n\000t\000r\000o\000d\000u\000z\000i\000o\000n\000e\000\040\000e\000\040\000S\000t\000r\000a\000t\000e\000g\000i\000a\000\040\000C\000r\000o\000m\000a\000t\000i\000c\000a}{subsection.3.6}% 43
\BOOKMARK [3][-]{subsubsection.3.6.2}{\376\377\000V\000i\000s\000u\000a\000l\000i\000z\000z\000a\000z\000i\000o\000n\000e\000\040\000d\000e\000l\000l\000a\000\040\000P\000a\000l\000e\000t\000t\000e}{subsection.3.6}% 44
\BOOKMARK [3][-]{subsubsection.3.6.3}{\376\377\000L\000o\000g\000i\000c\000a\000\040\000d\000e\000i\000\040\000P\000i\000l\000a\000s\000t\000r\000i\000\040\000V\000i\000s\000i\000v\000i}{subsection.3.6}% 45
\BOOKMARK [3][-]{subsubsection.3.6.4}{\376\377\000T\000i\000p\000o\000g\000r\000a\000f\000i\000a\000\040\000e\000\040\000L\000e\000g\000g\000i\000b\000i\000l\000i\000t\000\340}{subsection.3.6}% 46
\BOOKMARK [3][-]{subsubsection.3.6.5}{\376\377\000A\000p\000p\000l\000i\000c\000a\000z\000i\000o\000n\000e\000\040\000P\000r\000a\000t\000i\000c\000a\000:\000\040\000L\000a\000\040\000P\000r\000o\000p\000e\000r\000t\000y\000\040\000C\000a\000r\000d}{subsection.3.6}% 47
\BOOKMARK [2][-]{subsection.3.7}{\376\377\000D\000i\000a\000g\000r\000a\000m\000m\000a\000\040\000d\000e\000l\000l\000e\000\040\000C\000l\000a\000s\000s\000i}{section.3}% 48
\BOOKMARK [3][-]{subsubsection.3.7.1}{\376\377\000O\000r\000g\000a\000n\000i\000z\000z\000a\000z\000i\000o\000n\000e\000\040\000a\000\040\000L\000i\000v\000e\000l\000l\000i\000\040\000e\000\040\000R\000e\000s\000p\000o\000n\000s\000a\000b\000i\000l\000i\000t\000\340}{subsection.3.7}% 49
\BOOKMARK [3][-]{subsubsection.3.7.2}{\376\377\000D\000i\000a\000g\000r\000a\000m\000m\000a\000\040\000U\000M\000L\000\040\000d\000e\000l\000\040\000m\000o\000d\000u\000l\000o\000\040\000"\000A\000u\000t\000h\000\040\000\046\000\040\000U\000s\000e\000r\000"}{subsection.3.7}% 50
\BOOKMARK [3][-]{subsubsection.3.7.3}{\376\377\000D\000i\000a\000g\000r\000a\000m\000m\000a\000\040\000U\000M\000L\000\040\000d\000e\000l\000\040\000m\000o\000d\000u\000l\000o\000\040\000"\000P\000r\000o\000p\000e\000r\000t\000i\000e\000s\000\040\000\046\000\040\000I\000m\000a\000g\000e\000s\000"}{subsection.3.7}% 51
\BOOKMARK [3][-]{subsubsection.3.7.4}{\376\377\000D\000i\000a\000g\000r\000a\000m\000m\000a\000\040\000U\000M\000L\000\040\000d\000e\000l\000\040\000m\000o\000d\000e\000l\000l\000o\000\040\000"\000P\000r\000o\000p\000e\000r\000t\000i\000e\000s\000F\000e\000a\000t\000u\000r\000e\000s\000"}{subsection.3.7}% 52
\BOOKMARK [3][-]{subsubsection.3.7.5}{\376\377\000D\000i\000a\000g\000r\000a\000m\000m\000a\000\040\000U\000M\000L\000\040\000d\000e\000l\000\040\000m\000o\000d\000e\000l\000l\000o\000\040\000"\000A\000g\000e\000n\000c\000i\000e\000s\000"}{subsection.3.7}% 53
\BOOKMARK [3][-]{subsubsection.3.7.6}{\376\377\000D\000i\000a\000g\000r\000a\000m\000m\000a\000\040\000U\000M\000L\000\040\000d\000e\000l\000\040\000m\000o\000d\000e\000l\000l\000o\000\040\000"\000R\000e\000q\000u\000e\000s\000t\000A\000g\000e\000n\000c\000i\000e\000s\000"}{subsection.3.7}% 54
\BOOKMARK [3][-]{subsubsection.3.7.7}{\376\377\000D\000i\000a\000g\000r\000a\000m\000m\000a\000\040\000U\000M\000L\000\040\000d\000e\000l\000\040\000m\000o\000d\000e\000l\000l\000o\000\040\000"\000N\000o\000t\000i\000f\000i\000c\000a\000t\000i\000o\000n\000s\000"}{subsection.3.7}% 55
\BOOKMARK [3][-]{subsubsection.3.7.8}{\376\377\000D\000i\000a\000g\000r\000a\000m\000m\000a\000\040\000U\000M\000L\000\040\000d\000e\000l\000\040\000m\000o\000d\000e\000l\000l\000o\000\040\000"\000S\000e\000a\000r\000c\000h\000e\000s\000"}{subsection.3.7}% 56
\BOOKMARK [2][-]{subsection.3.8}{\376\377\000D\000i\000a\000g\000r\000a\000m\000m\000i\000\040\000d\000i\000\040\000s\000e\000q\000u\000e\000n\000z\000a\000\040\000d\000i\000\040\000d\000e\000s\000i\000g\000n}{section.3}% 57
\BOOKMARK [3][-]{subsubsection.3.8.1}{\376\377\000D\000i\000a\000g\000r\000a\000m\000m\000a\000\040\000d\000i\000\040\000s\000e\000q\000u\000e\000n\000z\000a\000\040\000a\000g\000g\000i\000o\000r\000n\000a\000m\000e\000n\000t\000o\000\040\000i\000m\000m\000o\000b\000i\000l\000e}{subsection.3.8}% 58
\BOOKMARK [3][-]{subsubsection.3.8.2}{\376\377\000D\000i\000a\000g\000r\000a\000m\000m\000a\000\040\000d\000i\000\040\000s\000e\000q\000u\000e\000n\000z\000a\000\040\000c\000a\000r\000i\000c\000a\000m\000e\000n\000t\000o\000\040\000i\000m\000m\000o\000b\000i\000l\000e}{subsection.3.8}% 59
\BOOKMARK [3][-]{subsubsection.3.8.3}{\376\377\000D\000i\000a\000g\000r\000a\000m\000m\000a\000\040\000d\000i\000\040\000s\000e\000q\000u\000e\000n\000z\000a\000\040\000c\000r\000e\000a\000z\000i\000o\000n\000e\000\040\000a\000g\000e\000n\000t\000e\000\040\000i\000m\000m\000o\000b\000i\000l\000i\000a\000r\000e}{subsection.3.8}% 60
\BOOKMARK [3][-]{subsubsection.3.8.4}{\376\377\000D\000i\000a\000g\000r\000a\000m\000m\000a\000\040\000d\000i\000\040\000s\000e\000q\000u\000e\000n\000z\000a\000\040\000r\000i\000c\000e\000r\000c\000a\000\040\000i\000m\000m\000o\000b\000i\000l\000e}{subsection.3.8}% 61
\BOOKMARK [3][-]{subsubsection.3.8.5}{\376\377\000D\000i\000a\000g\000r\000a\000m\000m\000a\000\040\000d\000i\000\040\000s\000e\000q\000u\000e\000n\000z\000a\000\040\000r\000i\000c\000e\000r\000c\000a\000\040\000t\000r\000a\000m\000i\000t\000e\000\040\000p\000r\000e\000z\000z\000o}{subsection.3.8}% 62
\BOOKMARK [3][-]{subsubsection.3.8.6}{\376\377\000D\000i\000a\000g\000r\000a\000m\000m\000a\000\040\000d\000i\000\040\000s\000e\000q\000u\000e\000n\000z\000a\000\040\000r\000i\000c\000e\000r\000c\000a\000\040\000t\000r\000a\000m\000i\000t\000e\000\040\000m\000a\000p\000p\000a}{subsection.3.8}% 63
\BOOKMARK [3][-]{subsubsection.3.8.7}{\376\377\000D\000i\000a\000g\000r\000a\000m\000m\000a\000\040\000d\000i\000\040\000s\000e\000q\000u\000e\000n\000z\000a\000\040\000r\000i\000c\000e\000r\000c\000a\000\040\000t\000r\000a\000m\000i\000t\000e\000\040\000f\000i\000l\000t\000r\000i}{subsection.3.8}% 64
\BOOKMARK [2][-]{subsection.3.9}{\376\377\000E\000s\000e\000c\000u\000z\000i\000o\000n\000e\000\040\000d\000e\000l\000\040\000p\000r\000o\000g\000r\000a\000m\000m\000a}{section.3}% 65
\BOOKMARK [3][-]{subsubsection.3.9.1}{\376\377\000P\000r\000e\000r\000e\000q\000u\000i\000s\000i\000t\000i\000\040\000d\000i\000\040\000s\000i\000s\000t\000e\000m\000a}{subsection.3.9}% 66
\BOOKMARK [3][-]{subsubsection.3.9.2}{\376\377\000P\000o\000s\000i\000z\000i\000o\000n\000a\000m\000e\000n\000t\000o\000\040\000e\000\040\000n\000a\000v\000i\000g\000a\000z\000i\000o\000n\000e}{subsection.3.9}% 67
\BOOKMARK [3][-]{subsubsection.3.9.3}{\376\377\000E\000s\000e\000c\000u\000z\000i\000o\000n\000e\000\040\000d\000e\000l\000\040\000p\000r\000o\000c\000e\000s\000s\000o\000\040\000d\000i\000\040\000B\000u\000i\000l\000d}{subsection.3.9}% 68
\BOOKMARK [3][-]{subsubsection.3.9.4}{\376\377\000V\000e\000r\000i\000f\000i\000c\000a\000\040\000d\000e\000l\000l\000'\000a\000v\000v\000i\000o}{subsection.3.9}% 69
\BOOKMARK [2][-]{subsection.3.10}{\376\377\000S\000i\000s\000t\000e\000m\000a\000\040\000d\000i\000\040\000v\000e\000r\000s\000i\000o\000n\000a\000m\000e\000n\000t\000o}{section.3}% 70
\BOOKMARK [3][-]{subsubsection.3.10.1}{\376\377\000R\000e\000p\000o\000r\000t\000\040\000d\000e\000l\000l\000a\000\040\000q\000u\000a\000l\000i\000t\000\340\000\040\000d\000e\000l\000\040\000c\000o\000d\000i\000c\000e}{subsection.3.10}% 71
\BOOKMARK [1][-]{section.4}{\376\377\000T\000e\000s\000t\000i\000n\000g}{}% 72
\BOOKMARK [2][-]{subsection.4.1}{\376\377\000S\000t\000r\000a\000t\000e\000g\000i\000a\000\040\000e\000\040\000t\000e\000c\000n\000o\000l\000o\000g\000i\000e}{section.4}% 73
\BOOKMARK [2][-]{subsection.4.2}{\376\377\000M\000e\000t\000o\000d\000i\000\040\000d\000i\000\040\000t\000e\000s\000t}{section.4}% 74
\BOOKMARK [3][-]{subsubsection.4.2.1}{\376\377\000T\000E\000S\000T\000\040\0001\000:\000\040\000R\000e\000g\000i\000s\000t\000r\000a\000z\000i\000o\000n\000e\000\040\000u\000t\000e\000n\000t\000e}{subsection.4.2}% 75
\BOOKMARK [3][-]{subsubsection.4.2.2}{\376\377\000T\000E\000S\000T\000\040\0002\000:\000\040\000C\000r\000e\000a\000z\000i\000o\000n\000e\000\040\000I\000m\000m\000o\000b\000i\000l\000e}{subsection.4.2}% 76
\BOOKMARK [3][-]{subsubsection.4.2.3}{\376\377\000T\000E\000S\000T\000\040\0003\000:\000\040\000L\000o\000g\000i\000c\000a\000\040\000d\000i\000\040\000N\000o\000t\000i\000f\000i\000c\000a}{subsection.4.2}% 77
\BOOKMARK [3][-]{subsubsection.4.2.4}{\376\377\000T\000E\000S\000T\000\040\0004\000:\000\040\000B\000u\000i\000l\000d\000e\000r\000\040\000Q\000u\000e\000r\000y\000\040\000A\000v\000a\000n\000z\000a\000t\000a}{subsection.4.2}% 78
\BOOKMARK [2][-]{subsection.4.3}{\376\377\000R\000i\000s\000u\000l\000t\000a\000t\000i}{section.4}% 79
\BOOKMARK [1][-]{section.5}{\376\377\000A\000n\000a\000l\000i\000s\000i\000\040\000d\000e\000l\000l\000'\000U\000s\000a\000b\000i\000l\000i\000t\000\340\000\040\000e\000\040\000V\000a\000l\000i\000d\000a\000z\000i\000o\000n\000e\000\040\000U\000I}{}% 80
\BOOKMARK [2][-]{subsection.5.1}{\376\377\000F\000a\000s\000e\000\040\0001\000:\000\040\000E\000x\000p\000e\000r\000t\000\040\000R\000e\000v\000i\000e\000w\000\040\000e\000\040\000I\000s\000p\000e\000z\000i\000o\000n\000e\000\040\000E\000u\000r\000i\000s\000t\000i\000c\000a}{section.5}% 81
\BOOKMARK [3][-]{subsubsection.5.1.1}{\376\377\000D\000e\000f\000i\000n\000i\000z\000i\000o\000n\000e\000\040\000d\000e\000l\000l\000a\000\040\000C\000h\000e\000c\000k\000l\000i\000s\000t\000\040\000S\000i\000s\000t\000e\000m\000a\000t\000i\000c\000a}{subsection.5.1}% 82
\BOOKMARK [3][-]{subsubsection.5.1.2}{\376\377\000A\000p\000p\000l\000i\000c\000a\000z\000i\000o\000n\000e\000\040\000d\000e\000l\000l\000a\000\040\000C\000h\000e\000c\000k\000l\000i\000s\000t\000\040\000e\000\040\000I\000n\000t\000e\000r\000v\000e\000n\000t\000i\000\040\000C\000o\000r\000r\000e\000t\000t\000i\000v\000i}{subsection.5.1}% 83
\BOOKMARK [2][-]{subsection.5.2}{\376\377\000F\000a\000s\000e\000\040\0002\000:\000\040\000U\000s\000a\000b\000i\000l\000i\000t\000y\000\040\000T\000e\000s\000t\000i\000n\000g\000\040\000s\000u\000l\000\040\000C\000a\000m\000p\000o}{section.5}% 84
\BOOKMARK [3][-]{subsubsection.5.2.1}{\376\377\000P\000r\000o\000c\000e\000d\000u\000r\000a\000\040\000S\000p\000e\000r\000i\000m\000e\000n\000t\000a\000l\000e\000,\000\040\000M\000e\000t\000r\000i\000c\000h\000e\000\040\000e\000\040\000S\000o\000g\000g\000e\000t\000t\000i}{subsection.5.2}% 85
\BOOKMARK [3][-]{subsubsection.5.2.2}{\376\377\000D\000e\000f\000i\000n\000i\000z\000i\000o\000n\000e\000\040\000d\000e\000i\000\040\000T\000a\000s\000k\000\040\000\050\000S\000c\000e\000n\000a\000r\000i\000\040\000d\000'\000U\000s\000o\000\051}{subsection.5.2}% 86
\BOOKMARK [3][-]{subsubsection.5.2.3}{\376\377\000S\000u\000r\000v\000e\000y\000\040\000P\000o\000s\000t\000-\000E\000s\000p\000e\000r\000i\000m\000e\000n\000t\000o}{subsection.5.2}% 87
\BOOKMARK [3][-]{subsubsection.5.2.4}{\376\377\000A\000n\000a\000l\000i\000s\000i\000\040\000e\000\040\000D\000i\000s\000c\000u\000s\000s\000i\000o\000n\000e\000\040\000d\000e\000i\000\040\000R\000i\000s\000u\000l\000t\000a\000t\000i}{subsection.5.2}% 88
