This is pdfTeX, Version 3.141592653-2.6-1.40.29 (MiKTeX 26.2) (preloaded format=pdflatex 2026.3.17)  17 MAR 2026 21:36
entering extended mode
 restricted \write18 enabled.
 file:line:error style messages enabled.
 %&-line parsing enabled.
**c:/Users/gdelu/Desktop/progettoDocumentazione/main.tex
(c:/Users/gdelu/Desktop/progettoDocumentazione/main.tex
LaTeX2e <2025-11-01>
L3 programming layer <2026-01-19>
(C:\Users\gdelu\AppData\Local\Programs\MiKTeX\tex/latex/base\article.cls
Document Class: article 2025/01/22 v1.4n Standard LaTeX document class
(C:\Users\gdelu\AppData\Local\Programs\MiKTeX\tex/latex/base\size10.clo
File: size10.clo 2025/01/22 v1.4n Standard LaTeX file (size option)
)
\c@part=\count275
\c@section=\count276
\c@subsection=\count277
\c@subsubsection=\count278
\c@paragraph=\count279
\c@subparagraph=\count280
\c@figure=\count281
\c@table=\count282
\abovecaptionskip=\skip49
\belowcaptionskip=\skip50
\bibindent=\dimen148
) (C:\Users\gdelu\AppData\Local\Programs\MiKTeX\tex/latex/base\inputenc.sty
Package: inputenc 2024/02/08 v1.3d Input encoding file
\inpenc@prehook=\toks17
\inpenc@posthook=\toks18
) (C:\Users\gdelu\AppData\Local\Programs\MiKTeX\tex/latex/base\fontenc.sty
Package: fontenc 2025/07/18 v2.1d Standard LaTeX package
) (C:\Users\gdelu\AppData\Local\Programs\MiKTeX\tex/generic/babel\babel.sty
Package: babel 2026/03/08 v26.4 The multilingual framework for LuaLaTeX, pdfLaTeX and XeLaTeX
\babel@savecnt=\count283
LaTeX Encoding Info:    Redeclaring text command \ij (encoding OT1) on input line 2078.
LaTeX Encoding Info:    Redeclaring text command \IJ (encoding OT1) on input line 2080.
LaTeX Encoding Info:    Redeclaring text command \ij (encoding T1) on input line 2082.
LaTeX Encoding Info:    Redeclaring text command \IJ (encoding T1) on input line 2083.
LaTeX Encoding Info:    Ignoring declaration for text command \ij (encoding ?) on input line 2084.
LaTeX Encoding Info:    Ignoring declaration for text command \IJ (encoding ?) on input line 2086.
LaTeX Encoding Info:    Ignoring declaration for text command \SS (encoding ?) on input line 2111.
\U@D=\dimen149
\l@unhyphenated=\language79
 (C:\Users\gdelu\AppData\Local\Programs\MiKTeX\tex/generic/babel\txtbabel.def)
\bbl@readstream=\read2
\bbl@dirlevel=\count284
Package babel Info: Configuration files are deprecated, as
(babel)             they can break document portability.
(babel)             Reported on input line 4206.

*************************************
* Local config file bblopts.cfg used
*
(C:\Users\gdelu\AppData\Local\Programs\MiKTeX\tex/latex/arabi\bblopts.cfg
File: bblopts.cfg 2005/09/08 v0.1 add Arabic and Farsi to "declared" options of babel
) (C:\Users\gdelu\AppData\Local\Programs\MiKTeX\tex/generic/babel/locale/it\babel-italian.tex)
Package babel Info: Importing font and identification data for italian
(babel)             from babel-it.ini. Reported on input line 4330.
 (C:\Users\gdelu\AppData\Local\Programs\MiKTeX\tex/latex/babel-italian\italian.ldf
Language: italian 2026/01/13 v.1.5.02 Italian support for the babel system
\it@lettering=\count285
\it@doublequoteactive=\count286
\it@ISOcompliance=\count287
)) (C:\Users\gdelu\AppData\Local\Programs\MiKTeX\tex/latex/etoolbox\etoolbox.sty
Package: etoolbox 2025/10/02 v2.5m e-TeX tools for LaTeX (JAW)
\etb@tempcnta=\count288
) (C:\Users\gdelu\AppData\Local\Programs\MiKTeX\tex/latex/tools\array.sty
Package: array 2025/09/25 v2.6n Tabular extension package (FMi)
\col@sep=\dimen150
\ar@mcellbox=\box53
\extrarowheight=\dimen151
\NC@list=\toks19
\extratabsurround=\skip51
\backup@length=\skip52
\ar@cellbox=\box54
) (C:\Users\gdelu\AppData\Local\Programs\MiKTeX\tex/latex/tools\tabularx.sty
Package: tabularx 2023/12/11 v2.12a `tabularx' package (DPC)
\TX@col@width=\dimen152
\TX@old@table=\dimen153
\TX@old@col=\dimen154
\TX@target=\dimen155
\TX@delta=\dimen156
\TX@cols=\count289
\TX@ftn=\toks20
) (C:\Users\gdelu\AppData\Local\Programs\MiKTeX\tex/latex/booktabs\booktabs.sty
Package: booktabs 2020/01/12 v1.61803398 Publication quality tables
\heavyrulewidth=\dimen157
\lightrulewidth=\dimen158
\cmidrulewidth=\dimen159
\belowrulesep=\dimen160
\belowbottomsep=\dimen161
\aboverulesep=\dimen162
\abovetopsep=\dimen163
\cmidrulesep=\dimen164
\cmidrulekern=\dimen165
\defaultaddspace=\dimen166
\@cmidla=\count290
\@cmidlb=\count291
\@aboverulesep=\dimen167
\@belowrulesep=\dimen168
\@thisruleclass=\count292
\@lastruleclass=\count293
\@thisrulewidth=\dimen169
) (C:\Users\gdelu\AppData\Local\Programs\MiKTeX\tex/latex/graphics\graphicx.sty
Package: graphicx 2024/12/31 v1.2e Enhanced LaTeX Graphics (DPC,SPQR)
 (C:\Users\gdelu\AppData\Local\Programs\MiKTeX\tex/latex/graphics\keyval.sty
Package: keyval 2022/05/29 v1.15 key=value parser (DPC)
\KV@toks@=\toks21
) (C:\Users\gdelu\AppData\Local\Programs\MiKTeX\tex/latex/graphics\graphics.sty
Package: graphics 2024/08/06 v1.4g Standard LaTeX Graphics (DPC,SPQR)
 (C:\Users\gdelu\AppData\Local\Programs\MiKTeX\tex/latex/graphics\trig.sty
Package: trig 2023/12/02 v1.11 sin cos tan (DPC)
) (C:\Users\gdelu\AppData\Local\Programs\MiKTeX\tex/latex/graphics-cfg\graphics.cfg
File: graphics.cfg 2016/06/04 v1.11 sample graphics configuration
)
Package graphics Info: Driver file: pdftex.def on input line 106.
 (C:\Users\gdelu\AppData\Local\Programs\MiKTeX\tex/latex/graphics-def\pdftex.def
File: pdftex.def 2025/09/29 v1.2d Graphics/color driver for pdftex
))
\Gin@req@height=\dimen170
\Gin@req@width=\dimen171
) (C:\Users\gdelu\AppData\Local\Programs\MiKTeX\tex/latex/hyperref\hyperref.sty
Package: hyperref 2026-01-29 v7.01p Hypertext links for LaTeX
 (C:\Users\gdelu\AppData\Local\Programs\MiKTeX\tex/generic/iftex\iftex.sty
Package: iftex 2024/12/12 v1.0g TeX engine tests
) (C:\Users\gdelu\AppData\Local\Programs\MiKTeX\tex/latex/kvsetkeys\kvsetkeys.sty
Package: kvsetkeys 2022-10-05 v1.19 Key value parser (HO)
) (C:\Users\gdelu\AppData\Local\Programs\MiKTeX\tex/generic/kvdefinekeys\kvdefinekeys.sty
Package: kvdefinekeys 2019-12-19 v1.6 Define keys (HO)
) (C:\Users\gdelu\AppData\Local\Programs\MiKTeX\tex/generic/pdfescape\pdfescape.sty
Package: pdfescape 2019/12/09 v1.15 Implements pdfTeX's escape features (HO)
 (C:\Users\gdelu\AppData\Local\Programs\MiKTeX\tex/generic/ltxcmds\ltxcmds.sty
Package: ltxcmds 2023-12-04 v1.26 LaTeX kernel commands for general use (HO)
) (C:\Users\gdelu\AppData\Local\Programs\MiKTeX\tex/generic/pdftexcmds\pdftexcmds.sty
Package: pdftexcmds 2020-06-27 v0.33 Utility functions of pdfTeX for LuaTeX (HO)
 (C:\Users\gdelu\AppData\Local\Programs\MiKTeX\tex/generic/infwarerr\infwarerr.sty
Package: infwarerr 2019/12/03 v1.5 Providing info/warning/error messages (HO)
)
Package pdftexcmds Info: \pdf@primitive is available.
Package pdftexcmds Info: \pdf@ifprimitive is available.
Package pdftexcmds Info: \pdfdraftmode found.
)) (C:\Users\gdelu\AppData\Local\Programs\MiKTeX\tex/latex/hycolor\hycolor.sty
Package: hycolor 2020-01-27 v1.10 Color options for hyperref/bookmark (HO)
) (C:\Users\gdelu\AppData\Local\Programs\MiKTeX\tex/latex/hyperref\nameref.sty
Package: nameref 2026-01-29 v2.58 Cross-referencing by name of section
 (C:\Users\gdelu\AppData\Local\Programs\MiKTeX\tex/latex/refcount\refcount.sty
Package: refcount 2019/12/15 v3.6 Data extraction from label references (HO)
) (C:\Users\gdelu\AppData\Local\Programs\MiKTeX\tex/generic/gettitlestring\gettitlestring.sty
Package: gettitlestring 2019/12/15 v1.6 Cleanup title references (HO)
 (C:\Users\gdelu\AppData\Local\Programs\MiKTeX\tex/latex/kvoptions\kvoptions.sty
Package: kvoptions 2022-06-15 v3.15 Key value format for package options (HO)
))
\c@section@level=\count294
) (C:\Users\gdelu\AppData\Local\Programs\MiKTeX\tex/generic/stringenc\stringenc.sty
Package: stringenc 2019/11/29 v1.12 Convert strings between diff. encodings (HO)
)
\@linkdim=\dimen172
\Hy@linkcounter=\count295
\Hy@pagecounter=\count296
 (C:\Users\gdelu\AppData\Local\Programs\MiKTeX\tex/latex/hyperref\pd1enc.def
File: pd1enc.def 2026-01-29 v7.01p Hyperref: PDFDocEncoding definition (HO)
Now handling font encoding PD1 ...
... no UTF-8 mapping file for font encoding PD1
) (C:\Users\gdelu\AppData\Local\Programs\MiKTeX\tex/generic/intcalc\intcalc.sty
Package: intcalc 2019/12/15 v1.3 Expandable calculations with integers (HO)
)
\Hy@SavedSpaceFactor=\count297
 (C:\Users\gdelu\AppData\Local\Programs\MiKTeX\tex/latex/hyperref\puenc.def
File: puenc.def 2026-01-29 v7.01p Hyperref: PDF Unicode definition (HO)
Now handling font encoding PU ...
... no UTF-8 mapping file for font encoding PU
)
Package hyperref Info: Hyper figures OFF on input line 4201.
Package hyperref Info: Link nesting OFF on input line 4206.
Package hyperref Info: Hyper index ON on input line 4209.
Package hyperref Info: Plain pages OFF on input line 4216.
Package hyperref Info: Backreferencing OFF on input line 4221.
Package hyperref Info: Implicit mode ON; LaTeX internals redefined.
Package hyperref Info: Bookmarks ON on input line 4468.
\c@Hy@tempcnt=\count298
 (C:\Users\gdelu\AppData\Local\Programs\MiKTeX\tex/latex/url\url.sty
\Urlmuskip=\muskip17
Package: url 2013/09/16  ver 3.4  Verb mode for urls, etc.
)
LaTeX Info: Redefining \url on input line 4807.
\XeTeXLinkMargin=\dimen173
 (C:\Users\gdelu\AppData\Local\Programs\MiKTeX\tex/generic/bitset\bitset.sty
Package: bitset 2019/12/09 v1.3 Handle bit-vector datatype (HO)
 (C:\Users\gdelu\AppData\Local\Programs\MiKTeX\tex/generic/bigintcalc\bigintcalc.sty
Package: bigintcalc 2019/12/15 v1.5 Expandable calculations on big integers (HO)
))
\Fld@menulength=\count299
\Field@Width=\dimen174
\Fld@charsize=\dimen175
Package hyperref Info: Hyper figures OFF on input line 6084.
Package hyperref Info: Link nesting OFF on input line 6089.
Package hyperref Info: Hyper index ON on input line 6092.
Package hyperref Info: backreferencing OFF on input line 6099.
Package hyperref Info: Link coloring OFF on input line 6104.
Package hyperref Info: Link coloring with OCG OFF on input line 6109.
Package hyperref Info: PDF/A mode OFF on input line 6114.
\Hy@abspage=\count300
\c@Item=\count301
\c@Hfootnote=\count302
)
Package hyperref Info: Driver (autodetected): hpdftex.
 (C:\Users\gdelu\AppData\Local\Programs\MiKTeX\tex/latex/hyperref\hpdftex.def
File: hpdftex.def 2026-01-29 v7.01p Hyperref driver for pdfTeX
\Fld@listcount=\count303
\c@bookmark@seq@number=\count304
 (C:\Users\gdelu\AppData\Local\Programs\MiKTeX\tex/latex/rerunfilecheck\rerunfilecheck.sty
Package: rerunfilecheck 2025-06-21 v1.11 Rerun checks for auxiliary files (HO)
 (C:\Users\gdelu\AppData\Local\Programs\MiKTeX\tex/generic/uniquecounter\uniquecounter.sty
Package: uniquecounter 2019/12/15 v1.4 Provide unlimited unique counter (HO)
)
Package uniquecounter Info: New unique counter `rerunfilecheck' on input line 284.
)
\Hy@SectionHShift=\skip53
) (C:\Users\gdelu\AppData\Local\Programs\MiKTeX\tex/latex/float\float.sty
Package: float 2001/11/08 v1.3d Float enhancements (AL)
\c@float@type=\count305
\float@exts=\toks22
\float@box=\box55
\@float@everytoks=\toks23
\@floatcapt=\box56
) (C:\Users\gdelu\AppData\Local\Programs\MiKTeX\tex/latex/svg\svg.sty
Package: svg 2020/11/26 v2.02k (include SVG pictures)
 (C:\Users\gdelu\AppData\Local\Programs\MiKTeX\tex/latex/koma-script\scrbase.sty
Package: scrbase 2026/02/02 v3.49.2 KOMA-Script package (KOMA-Script-independent basics and keyval usage)
 (C:\Users\gdelu\AppData\Local\Programs\MiKTeX\tex/latex/koma-script\scrlfile.sty
Package: scrlfile 2026/02/02 v3.49.2 KOMA-Script package (file load hooks)
 (C:\Users\gdelu\AppData\Local\Programs\MiKTeX\tex/latex/koma-script\scrlfile-hook.sty
Package: scrlfile-hook 2026/02/02 v3.49.2 KOMA-Script package (using LaTeX hooks)
 (C:\Users\gdelu\AppData\Local\Programs\MiKTeX\tex/latex/koma-script\scrlogo.sty
Package: scrlogo 2026/02/02 v3.49.2 KOMA-Script package (logo)
)))
Applying: [2021/05/01] Usage of raw or classic option list on input line 254.
Already applied: [0000/00/00] Usage of raw or classic option list on input line 370.
) (C:\Users\gdelu\AppData\Local\Programs\MiKTeX\tex/latex/trimspaces\trimspaces.sty
Package: trimspaces 2009/09/17 v1.1 Trim spaces around a token list
) (C:\Users\gdelu\AppData\Local\Programs\MiKTeX\tex/latex/tools\shellesc.sty
Package: shellesc 2023/07/08 v1.0d unified shell escape interface for LaTeX
Package shellesc Info: Restricted shell escape enabled on input line 77.
)
\c@svg@param@lastpage=\count306
\svg@box=\box57
\c@svg@param@currpage=\count307
) (C:\Users\gdelu\AppData\Local\Programs\MiKTeX\tex/latex/xcolor\xcolor.sty
Package: xcolor 2024/09/29 v3.02 LaTeX color extensions (UK)
 (C:\Users\gdelu\AppData\Local\Programs\MiKTeX\tex/latex/graphics-cfg\color.cfg
File: color.cfg 2016/01/02 v1.6 sample color configuration
)
Package xcolor Info: Driver file: pdftex.def on input line 274.
 (C:\Users\gdelu\AppData\Local\Programs\MiKTeX\tex/latex/graphics\mathcolor.ltx)
Package xcolor Info: Model `cmy' substituted by `cmy0' on input line 1349.
Package xcolor Info: Model `hsb' substituted by `rgb' on input line 1353.
Package xcolor Info: Model `RGB' extended on input line 1365.
Package xcolor Info: Model `HTML' substituted by `rgb' on input line 1367.
Package xcolor Info: Model `Hsb' substituted by `hsb' on input line 1368.
Package xcolor Info: Model `tHsb' substituted by `hsb' on input line 1369.
Package xcolor Info: Model `HSB' substituted by `hsb' on input line 1370.
Package xcolor Info: Model `Gray' substituted by `gray' on input line 1371.
Package xcolor Info: Model `wave' substituted by `hsb' on input line 1372.
) (C:\Users\gdelu\AppData\Local\Programs\MiKTeX\tex/latex/transparent\transparent.sty
Package: transparent 2025-06-23 v1.6 Transparency with color stacks
 (C:\Users\gdelu\AppData\Local\Programs\MiKTeX\tex/latex/transparent\transparent-nometadata.sty
Package: transparent-nometadata 2025-06-23 v1.6 Transparency via pdfTeX's color stack (HO)
 (C:\Users\gdelu\AppData\Local\Programs\MiKTeX\tex/latex/auxhook\auxhook.sty
Package: auxhook 2019-12-17 v1.6 Hooks for auxiliary files (HO)
))) (C:\Users\gdelu\AppData\Local\Programs\MiKTeX\tex/latex/pgf/systemlayer\pgfsys.sty (C:\Users\gdelu\AppData\Local\Programs\MiKTeX\tex/latex/pgf/utilities\pgfrcs.sty (C:\Users\gdelu\AppData\Local\Programs\MiKTeX\tex/generic/pgf/utilities\pgfutil-common.tex
\pgfutil@everybye=\toks24
\pgfutil@tempdima=\dimen176
\pgfutil@tempdimb=\dimen177
) (C:\Users\gdelu\AppData\Local\Programs\MiKTeX\tex/generic/pgf/utilities\pgfutil-latex.def
\pgfutil@abb=\box58
) (C:\Users\gdelu\AppData\Local\Programs\MiKTeX\tex/generic/pgf/utilities\pgfrcs.code.tex (C:\Users\gdelu\AppData\Local\Programs\MiKTeX\tex/generic/pgf\pgf.revision.tex)
Package: pgfrcs 2025-08-29 v3.1.11a (3.1.11a)
)) (C:\Users\gdelu\AppData\Local\Programs\MiKTeX\tex/generic/pgf/systemlayer\pgfsys.code.tex
Package: pgfsys 2025-08-29 v3.1.11a (3.1.11a)
 (C:\Users\gdelu\AppData\Local\Programs\MiKTeX\tex/generic/pgf/utilities\pgfkeys.code.tex
\pgfkeys@pathtoks=\toks25
\pgfkeys@temptoks=\toks26
 (C:\Users\gdelu\AppData\Local\Programs\MiKTeX\tex/generic/pgf/utilities\pgfkeyslibraryfiltered.code.tex
\pgfkeys@tmptoks=\toks27
))
\pgf@x=\dimen178
\pgf@y=\dimen179
\pgf@xa=\dimen180
\pgf@ya=\dimen181
\pgf@xb=\dimen182
\pgf@yb=\dimen183
\pgf@xc=\dimen184
\pgf@yc=\dimen185
\pgf@xd=\dimen186
\pgf@yd=\dimen187
\w@pgf@writea=\write3
\r@pgf@reada=\read3
\c@pgf@counta=\count308
\c@pgf@countb=\count309
\c@pgf@countc=\count310
\c@pgf@countd=\count311
\t@pgf@toka=\toks28
\t@pgf@tokb=\toks29
\t@pgf@tokc=\toks30
\pgf@sys@id@count=\count312
 (C:\Users\gdelu\AppData\Local\Programs\MiKTeX\tex/generic/pgf/systemlayer\pgf.cfg
File: pgf.cfg 2025-08-29 v3.1.11a (3.1.11a)
)
Driver file for pgf: pgfsys-pdftex.def
 (C:\Users\gdelu\AppData\Local\Programs\MiKTeX\tex/generic/pgf/systemlayer\pgfsys-pdftex.def
File: pgfsys-pdftex.def 2025-08-29 v3.1.11a (3.1.11a)
 (C:\Users\gdelu\AppData\Local\Programs\MiKTeX\tex/generic/pgf/systemlayer\pgfsys-common-pdf.def
File: pgfsys-common-pdf.def 2025-08-29 v3.1.11a (3.1.11a)
))) (C:\Users\gdelu\AppData\Local\Programs\MiKTeX\tex/generic/pgf/systemlayer\pgfsyssoftpath.code.tex
File: pgfsyssoftpath.code.tex 2025-08-29 v3.1.11a (3.1.11a)
\pgfsyssoftpath@smallbuffer@items=\count313
\pgfsyssoftpath@bigbuffer@items=\count314
) (C:\Users\gdelu\AppData\Local\Programs\MiKTeX\tex/generic/pgf/systemlayer\pgfsysprotocol.code.tex
File: pgfsysprotocol.code.tex 2025-08-29 v3.1.11a (3.1.11a)
)) (C:\Users\gdelu\AppData\Local\Programs\MiKTeX\tex/latex/fancyhdr\fancyhdr.sty
Package: fancyhdr 2025/02/07 v5.2 Extensive control of page headers and footers
\f@nch@headwidth=\skip54
\f@nch@offset@elh=\skip55
\f@nch@offset@erh=\skip56
\f@nch@offset@olh=\skip57
\f@nch@offset@orh=\skip58
\f@nch@offset@elf=\skip59
\f@nch@offset@erf=\skip60
\f@nch@offset@olf=\skip61
\f@nch@offset@orf=\skip62
\f@nch@height=\skip63
\f@nch@footalignment=\skip64
\f@nch@widthL=\skip65
\f@nch@widthC=\skip66
\f@nch@widthR=\skip67
\@temptokenb=\toks31
) (C:\Users\gdelu\AppData\Local\Programs\MiKTeX\tex/latex/geometry\geometry.sty
Package: geometry 2026/03/07 v6.0 Page Geometry
 (C:\Users\gdelu\AppData\Local\Programs\MiKTeX\tex/generic/iftex\ifvtex.sty
Package: ifvtex 2019/10/25 v1.7 ifvtex legacy package. Use iftex instead.
)
\Gm@cnth=\count315
\Gm@cntv=\count316
\c@Gm@tempcnt=\count317
\Gm@bindingoffset=\dimen188
\Gm@wd@mp=\dimen189
\Gm@odd@mp=\dimen190
\Gm@even@mp=\dimen191
\Gm@layoutwidth=\dimen192
\Gm@layoutheight=\dimen193
\Gm@layouthoffset=\dimen194
\Gm@layoutvoffset=\dimen195
\Gm@dimlist=\toks32
 (C:\Users\gdelu\AppData\Local\Programs\MiKTeX\tex/latex/geometry\geometry.cfg)) (C:\Users\gdelu\AppData\Local\Programs\MiKTeX\tex/latex/pdfpages\pdfpages.sty
Package: pdfpages 2025/07/23 v0.6g Insert pages of external PDF documents (AM)
 (C:\Users\gdelu\AppData\Local\Programs\MiKTeX\tex/latex/base\ifthen.sty
Package: ifthen 2024/03/16 v1.1e Standard LaTeX ifthen package (DPC)
) (C:\Users\gdelu\AppData\Local\Programs\MiKTeX\tex/latex/tools\calc.sty
Package: calc 2025/03/01 v4.3b Infix arithmetic (KKT,FJ)
\calc@Acount=\count318
\calc@Bcount=\count319
\calc@Adimen=\dimen196
\calc@Bdimen=\dimen197
\calc@Askip=\skip68
\calc@Bskip=\skip69
LaTeX Info: Redefining \setlength on input line 86.
LaTeX Info: Redefining \addtolength on input line 87.
\calc@Ccount=\count320
\calc@Cskip=\skip70
) (C:\Users\gdelu\AppData\Local\Programs\MiKTeX\tex/latex/eso-pic\eso-pic.sty
Package: eso-pic 2025/12/10 v3.0d eso-pic (RN)
\ESO@tempdima=\dimen198
\ESO@tempdimb=\dimen199
)
\AM@pagewidth=\dimen256
\AM@pageheight=\dimen257
\AM@fboxrule=\dimen258
 (C:\Users\gdelu\AppData\Local\Programs\MiKTeX\tex/latex/pdfpages\pppdftex.def
File: pppdftex.def 2025/07/23 v0.6g Pdfpages driver for pdfTeX (AM)
)
\pdfpages@includegraphics@status=\count321
\AM@pagebox=\box59
\AM@global@opts=\toks33
\AM@pagecnt=\count322
\AM@toc@title=\toks34
\AM@lof@heading=\toks35
\c@AM@survey=\count323
\AM@templatesizebox=\box60
) (C:\Users\gdelu\AppData\Local\Programs\MiKTeX\tex/latex/tcolorbox\tcolorbox.sty
Package: tcolorbox 2025/11/28 version 6.9.0 text color boxes
 (C:\Users\gdelu\AppData\Local\Programs\MiKTeX\tex/latex/pgf/frontendlayer\tikz.sty (C:\Users\gdelu\AppData\Local\Programs\MiKTeX\tex/latex/pgf/basiclayer\pgf.sty
Package: pgf 2025-08-29 v3.1.11a (3.1.11a)
 (C:\Users\gdelu\AppData\Local\Programs\MiKTeX\tex/latex/pgf/basiclayer\pgfcore.sty (C:\Users\gdelu\AppData\Local\Programs\MiKTeX\tex/generic/pgf/basiclayer\pgfcore.code.tex
Package: pgfcore 2025-08-29 v3.1.11a (3.1.11a)
 (C:\Users\gdelu\AppData\Local\Programs\MiKTeX\tex/generic/pgf/math\pgfmath.code.tex (C:\Users\gdelu\AppData\Local\Programs\MiKTeX\tex/generic/pgf/math\pgfmathutil.code.tex) (C:\Users\gdelu\AppData\Local\Programs\MiKTeX\tex/generic/pgf/math\pgfmathparser.code.tex
\pgfmath@dimen=\dimen259
\pgfmath@count=\count324
\pgfmath@box=\box61
\pgfmath@toks=\toks36
\pgfmath@stack@operand=\toks37
\pgfmath@stack@operation=\toks38
) (C:\Users\gdelu\AppData\Local\Programs\MiKTeX\tex/generic/pgf/math\pgfmathfunctions.code.tex) (C:\Users\gdelu\AppData\Local\Programs\MiKTeX\tex/generic/pgf/math\pgfmathfunctions.basic.code.tex) (C:\Users\gdelu\AppData\Local\Programs\MiKTeX\tex/generic/pgf/math\pgfmathfunctions.trigonometric.code.tex) (C:\Users\gdelu\AppData\Local\Programs\MiKTeX\tex/generic/pgf/math\pgfmathfunctions.random.code.tex) (C:\Users\gdelu\AppData\Local\Programs\MiKTeX\tex/generic/pgf/math\pgfmathfunctions.comparison.code.tex) (C:\Users\gdelu\AppData\Local\Programs\MiKTeX\tex/generic/pgf/math\pgfmathfunctions.base.code.tex) (C:\Users\gdelu\AppData\Local\Programs\MiKTeX\tex/generic/pgf/math\pgfmathfunctions.round.code.tex) (C:\Users\gdelu\AppData\Local\Programs\MiKTeX\tex/generic/pgf/math\pgfmathfunctions.misc.code.tex) (C:\Users\gdelu\AppData\Local\Programs\MiKTeX\tex/generic/pgf/math\pgfmathfunctions.integerarithmetics.code.tex) (C:\Users\gdelu\AppData\Local\Programs\MiKTeX\tex/generic/pgf/math\pgfmathcalc.code.tex) (C:\Users\gdelu\AppData\Local\Programs\MiKTeX\tex/generic/pgf/math\pgfmathfloat.code.tex
\c@pgfmathroundto@lastzeros=\count325
)) (C:\Users\gdelu\AppData\Local\Programs\MiKTeX\tex/generic/pgf/math\pgfint.code.tex) (C:\Users\gdelu\AppData\Local\Programs\MiKTeX\tex/generic/pgf/basiclayer\pgfcorepoints.code.tex
File: pgfcorepoints.code.tex 2025-08-29 v3.1.11a (3.1.11a)
\pgf@picminx=\dimen260
\pgf@picmaxx=\dimen261
\pgf@picminy=\dimen262
\pgf@picmaxy=\dimen263
\pgf@pathminx=\dimen264
\pgf@pathmaxx=\dimen265
\pgf@pathminy=\dimen266
\pgf@pathmaxy=\dimen267
\pgf@xx=\dimen268
\pgf@xy=\dimen269
\pgf@yx=\dimen270
\pgf@yy=\dimen271
\pgf@zx=\dimen272
\pgf@zy=\dimen273
) (C:\Users\gdelu\AppData\Local\Programs\MiKTeX\tex/generic/pgf/basiclayer\pgfcorepathconstruct.code.tex
File: pgfcorepathconstruct.code.tex 2025-08-29 v3.1.11a (3.1.11a)
\pgf@path@lastx=\dimen274
\pgf@path@lasty=\dimen275
) (C:\Users\gdelu\AppData\Local\Programs\MiKTeX\tex/generic/pgf/basiclayer\pgfcorepathusage.code.tex
File: pgfcorepathusage.code.tex 2025-08-29 v3.1.11a (3.1.11a)
\pgf@shorten@end@additional=\dimen276
\pgf@shorten@start@additional=\dimen277
) (C:\Users\gdelu\AppData\Local\Programs\MiKTeX\tex/generic/pgf/basiclayer\pgfcorescopes.code.tex
File: pgfcorescopes.code.tex 2025-08-29 v3.1.11a (3.1.11a)
\pgfpic=\box62
\pgf@hbox=\box63
\pgf@layerbox@main=\box64
\pgf@picture@serial@count=\count326
) (C:\Users\gdelu\AppData\Local\Programs\MiKTeX\tex/generic/pgf/basiclayer\pgfcoregraphicstate.code.tex
File: pgfcoregraphicstate.code.tex 2025-08-29 v3.1.11a (3.1.11a)
\pgflinewidth=\dimen278
) (C:\Users\gdelu\AppData\Local\Programs\MiKTeX\tex/generic/pgf/basiclayer\pgfcoretransformations.code.tex
File: pgfcoretransformations.code.tex 2025-08-29 v3.1.11a (3.1.11a)
\pgf@pt@x=\dimen279
\pgf@pt@y=\dimen280
\pgf@pt@temp=\dimen281
) (C:\Users\gdelu\AppData\Local\Programs\MiKTeX\tex/generic/pgf/basiclayer\pgfcorequick.code.tex
File: pgfcorequick.code.tex 2025-08-29 v3.1.11a (3.1.11a)
) (C:\Users\gdelu\AppData\Local\Programs\MiKTeX\tex/generic/pgf/basiclayer\pgfcoreobjects.code.tex
File: pgfcoreobjects.code.tex 2025-08-29 v3.1.11a (3.1.11a)
) (C:\Users\gdelu\AppData\Local\Programs\MiKTeX\tex/generic/pgf/basiclayer\pgfcorepathprocessing.code.tex
File: pgfcorepathprocessing.code.tex 2025-08-29 v3.1.11a (3.1.11a)
) (C:\Users\gdelu\AppData\Local\Programs\MiKTeX\tex/generic/pgf/basiclayer\pgfcorearrows.code.tex
File: pgfcorearrows.code.tex 2025-08-29 v3.1.11a (3.1.11a)
\pgfarrowsep=\dimen282
) (C:\Users\gdelu\AppData\Local\Programs\MiKTeX\tex/generic/pgf/basiclayer\pgfcoreshade.code.tex
File: pgfcoreshade.code.tex 2025-08-29 v3.1.11a (3.1.11a)
\pgf@max=\dimen283
\pgf@sys@shading@range@num=\count327
\pgf@shadingcount=\count328
) (C:\Users\gdelu\AppData\Local\Programs\MiKTeX\tex/generic/pgf/basiclayer\pgfcoreimage.code.tex
File: pgfcoreimage.code.tex 2025-08-29 v3.1.11a (3.1.11a)
) (C:\Users\gdelu\AppData\Local\Programs\MiKTeX\tex/generic/pgf/basiclayer\pgfcoreexternal.code.tex
File: pgfcoreexternal.code.tex 2025-08-29 v3.1.11a (3.1.11a)
\pgfexternal@startupbox=\box65
) (C:\Users\gdelu\AppData\Local\Programs\MiKTeX\tex/generic/pgf/basiclayer\pgfcorelayers.code.tex
File: pgfcorelayers.code.tex 2025-08-29 v3.1.11a (3.1.11a)
) (C:\Users\gdelu\AppData\Local\Programs\MiKTeX\tex/generic/pgf/basiclayer\pgfcoretransparency.code.tex
File: pgfcoretransparency.code.tex 2025-08-29 v3.1.11a (3.1.11a)
) (C:\Users\gdelu\AppData\Local\Programs\MiKTeX\tex/generic/pgf/basiclayer\pgfcorepatterns.code.tex
File: pgfcorepatterns.code.tex 2025-08-29 v3.1.11a (3.1.11a)
) (C:\Users\gdelu\AppData\Local\Programs\MiKTeX\tex/generic/pgf/basiclayer\pgfcorerdf.code.tex
File: pgfcorerdf.code.tex 2025-08-29 v3.1.11a (3.1.11a)
))) (C:\Users\gdelu\AppData\Local\Programs\MiKTeX\tex/generic/pgf/modules\pgfmoduleshapes.code.tex
File: pgfmoduleshapes.code.tex 2025-08-29 v3.1.11a (3.1.11a)
\pgfnodeparttextbox=\box66
) (C:\Users\gdelu\AppData\Local\Programs\MiKTeX\tex/generic/pgf/modules\pgfmoduleplot.code.tex
File: pgfmoduleplot.code.tex 2025-08-29 v3.1.11a (3.1.11a)
) (C:\Users\gdelu\AppData\Local\Programs\MiKTeX\tex/latex/pgf/compatibility\pgfcomp-version-0-65.sty
Package: pgfcomp-version-0-65 2025-08-29 v3.1.11a (3.1.11a)
\pgf@nodesepstart=\dimen284
\pgf@nodesepend=\dimen285
) (C:\Users\gdelu\AppData\Local\Programs\MiKTeX\tex/latex/pgf/compatibility\pgfcomp-version-1-18.sty
Package: pgfcomp-version-1-18 2025-08-29 v3.1.11a (3.1.11a)
))
(C:\Users\gdelu\AppData\Local\Programs\MiKTeX\tex/latex/pgf/utilities\pgffor.sty (C:\Users\gdelu\AppData\Local\Programs\MiKTeX\tex/latex/pgf/utilities\pgfkeys.sty (C:\Users\gdelu\AppData\Local\Programs\MiKTeX\tex/generic/pgf/utilities\pgfkeys.code.tex)) (C:\Users\gdelu\AppData\Local\Programs\MiKTeX\tex/latex/pgf/math\pgfmath.sty (C:\Users\gdelu\AppData\Local\Programs\MiKTeX\tex/generic/pgf/math\pgfmath.code.tex)) (C:\Users\gdelu\AppData\Local\Programs\MiKTeX\tex/generic/pgf/utilities\pgffor.code.tex
Package: pgffor 2025-08-29 v3.1.11a (3.1.11a)
\pgffor@iter=\dimen286
\pgffor@skip=\dimen287
\pgffor@stack=\toks39
\pgffor@toks=\toks40
)) (C:\Users\gdelu\AppData\Local\Programs\MiKTeX\tex/generic/pgf/frontendlayer/tikz\tikz.code.tex
Package: tikz 2025-08-29 v3.1.11a (3.1.11a)
 (C:\Users\gdelu\AppData\Local\Programs\MiKTeX\tex/generic/pgf/libraries\pgflibraryplothandlers.code.tex
File: pgflibraryplothandlers.code.tex 2025-08-29 v3.1.11a (3.1.11a)
\pgf@plot@mark@count=\count329
\pgfplotmarksize=\dimen288
)
\tikz@lastx=\dimen289
\tikz@lasty=\dimen290
\tikz@lastxsaved=\dimen291
\tikz@lastysaved=\dimen292
\tikz@lastmovetox=\dimen293
\tikz@lastmovetoy=\dimen294
\tikzleveldistance=\dimen295
\tikzsiblingdistance=\dimen296
\tikz@figbox=\box67
\tikz@figbox@bg=\box68
\tikz@tempbox=\box69
\tikz@tempbox@bg=\box70
\tikztreelevel=\count330
\tikznumberofchildren=\count331
\tikznumberofcurrentchild=\count332
\tikz@fig@count=\count333
 (C:\Users\gdelu\AppData\Local\Programs\MiKTeX\tex/generic/pgf/modules\pgfmodulematrix.code.tex
File: pgfmodulematrix.code.tex 2025-08-29 v3.1.11a (3.1.11a)
\pgfmatrixcurrentrow=\count334
\pgfmatrixcurrentcolumn=\count335
\pgf@matrix@numberofcolumns=\count336
)
\tikz@expandcount=\count337
 (C:\Users\gdelu\AppData\Local\Programs\MiKTeX\tex/generic/pgf/frontendlayer/tikz/libraries\tikzlibrarytopaths.code.tex
File: tikzlibrarytopaths.code.tex 2025-08-29 v3.1.11a (3.1.11a)
))) (C:\Users\gdelu\AppData\Local\Programs\MiKTeX\tex/latex/tools\verbatim.sty
Package: verbatim 2024-01-22 v1.5x LaTeX2e package for verbatim enhancements
\every@verbatim=\toks41
\verbatim@line=\toks42
\verbatim@in@stream=\read4
) (C:\Users\gdelu\AppData\Local\Programs\MiKTeX\tex/latex/environ\environ.sty
Package: environ 2014/05/04 v0.3 A new way to define environments
\@envbody=\toks43
)
\tcb@titlebox=\box71
\tcb@upperbox=\box72
\tcb@lowerbox=\box73
\tcb@phantombox=\box74
\c@tcbbreakpart=\count338
\c@tcblayer=\count339
\c@tcolorbox@number=\count340
\l__tcobox_tmpa_box=\box75
\l__tcobox_tmpa_dim=\dimen297
\tcb@temp=\box76
\tcb@temp=\box77
\tcb@temp=\box78
\tcb@temp=\box79
 (C:\Users\gdelu\AppData\Local\Programs\MiKTeX\tex/latex/tcolorbox\tcbraster.code.tex
Library (tcolorbox): 'tcbraster.code.tex' version '6.9.0'
\c@tcbrastercolumn=\count341
\c@tcbrasterrow=\count342
\c@tcbrasternum=\count343
\c@tcbraster=\count344
) (C:\Users\gdelu\AppData\Local\Programs\MiKTeX\tex/latex/tcolorbox\tcbskins.code.tex
Library (tcolorbox): 'tcbskins.code.tex' version '6.9.0'
(C:\Users\gdelu\AppData\Local\Programs\MiKTeX\tex/latex/tikzfill\tikzfill.image.sty
Package: tikzfill.image 2023/08/08 v1.0.1 Image filling library for TikZ
 (C:\Users\gdelu\AppData\Local\Programs\MiKTeX\tex/latex/tikzfill\tikzfill-common.sty
Package: tikzfill-common 2023/08/08 v1.0.1 Auxiliary code for tikzfill
) (C:\Users\gdelu\AppData\Local\Programs\MiKTeX\tex/latex/tikzfill\tikzlibraryfill.image.code.tex
File: tikzlibraryfill.image.code.tex 2023/08/08 v1.0.1 Image filling library
\l__tikzfill_img_box=\box80
)) (C:\Users\gdelu\AppData\Local\Programs\MiKTeX\tex/latex/tcolorbox\tcbskinsjigsaw.code.tex
Library (tcolorbox): 'tcbskinsjigsaw.code.tex' version '6.9.0'
)) (C:\Users\gdelu\AppData\Local\Programs\MiKTeX\tex/latex/tcolorbox\tcbbreakable.code.tex
Library (tcolorbox): 'tcbbreakable.code.tex' version '6.9.0'
(C:\Users\gdelu\AppData\Local\Programs\MiKTeX\tex/latex/pdfcol\pdfcol.sty
Package: pdfcol 2022-09-21 v1.7 Handle new color stacks for pdfTeX (HO)
)
Package pdfcol Info: New color stack `tcb@breakable' = 2 on input line 23.
\tcb@testbox=\box81
\tcb@totalupperbox=\box82
\tcb@totallowerbox=\box83
) (C:\Users\gdelu\AppData\Local\Programs\MiKTeX\tex/latex/tcolorbox\tcbhooks.code.tex
Library (tcolorbox): 'tcbhooks.code.tex' version '6.9.0'
) (C:\Users\gdelu\AppData\Local\Programs\MiKTeX\tex/latex/tcolorbox\tcbtheorems.code.tex
Library (tcolorbox): 'tcbtheorems.code.tex' version '6.9.0'
(C:\Users\gdelu\AppData\Local\Programs\MiKTeX\tex/latex/amsmath\amsmath.sty
Package: amsmath 2025/07/09 v2.17z AMS math features
\@mathmargin=\skip71

For additional information on amsmath, use the `?' option.
(C:\Users\gdelu\AppData\Local\Programs\MiKTeX\tex/latex/amsmath\amstext.sty
Package: amstext 2024/11/17 v2.01 AMS text
 (C:\Users\gdelu\AppData\Local\Programs\MiKTeX\tex/latex/amsmath\amsgen.sty
File: amsgen.sty 1999/11/30 v2.0 generic functions
\@emptytoks=\toks44
\ex@=\dimen298
)) (C:\Users\gdelu\AppData\Local\Programs\MiKTeX\tex/latex/amsmath\amsbsy.sty
Package: amsbsy 1999/11/29 v1.2d Bold Symbols
\pmbraise@=\dimen299
) (C:\Users\gdelu\AppData\Local\Programs\MiKTeX\tex/latex/amsmath\amsopn.sty
Package: amsopn 2022/04/08 v2.04 operator names
)
\inf@bad=\count345
LaTeX Info: Redefining \frac on input line 233.
\uproot@=\count346
\leftroot@=\count347
LaTeX Info: Redefining \overline on input line 398.
LaTeX Info: Redefining \colon on input line 409.
\classnum@=\count348
\DOTSCASE@=\count349
LaTeX Info: Redefining \ldots on input line 495.
LaTeX Info: Redefining \dots on input line 498.
LaTeX Info: Redefining \cdots on input line 619.
\Mathstrutbox@=\box84
\strutbox@=\box85
LaTeX Info: Redefining \big on input line 721.
LaTeX Info: Redefining \Big on input line 722.
LaTeX Info: Redefining \bigg on input line 723.
LaTeX Info: Redefining \Bigg on input line 724.
\big@size=\dimen300
LaTeX Font Info:    Redeclaring font encoding OML on input line 742.
LaTeX Font Info:    Redeclaring font encoding OMS on input line 743.
\macc@depth=\count350
LaTeX Info: Redefining \bmod on input line 904.
LaTeX Info: Redefining \pmod on input line 909.
LaTeX Info: Redefining \smash on input line 939.
LaTeX Info: Redefining \relbar on input line 969.
LaTeX Info: Redefining \Relbar on input line 970.
\c@MaxMatrixCols=\count351
\dotsspace@=\muskip18
\c@parentequation=\count352
\dspbrk@lvl=\count353
\tag@help=\toks45
\row@=\count354
\column@=\count355
\maxfields@=\count356
\andhelp@=\toks46
\eqnshift@=\dimen301
\alignsep@=\dimen302
\tagshift@=\dimen303
\tagwidth@=\dimen304
\totwidth@=\dimen305
\lineht@=\dimen306
\@envbody=\toks47
\multlinegap=\skip72
\multlinetaggap=\skip73
\mathdisplay@stack=\toks48
LaTeX Info: Redefining \[ on input line 2950.
LaTeX Info: Redefining \] on input line 2951.
)) (C:\Users\gdelu\AppData\Local\Programs\MiKTeX\tex/latex/tcolorbox\tcbfitting.code.tex
Library (tcolorbox): 'tcbfitting.code.tex' version '6.9.0'
\tcbfitdim=\dimen307
\tcb@lowerfitdim=\dimen308
\tcb@upperfitdim=\dimen309
\tcb@cur@hbadness=\count357
) (C:\Users\gdelu\AppData\Local\Programs\MiKTeX\tex/latex/tcolorbox\tcblistingsutf8.code.tex
Library (tcolorbox): 'tcblistingsutf8.code.tex' version '6.9.0'
(C:\Users\gdelu\AppData\Local\Programs\MiKTeX\tex/latex/tcolorbox\tcblistings.code.tex
Library (tcolorbox): 'tcblistings.code.tex' version '6.9.0'
(C:\Users\gdelu\AppData\Local\Programs\MiKTeX\tex/latex/listings\listings.sty
\lst@mode=\count358
\lst@gtempboxa=\box86
\lst@token=\toks49
\lst@length=\count359
\lst@currlwidth=\dimen310
\lst@column=\count360
\lst@pos=\count361
\lst@lostspace=\dimen311
\lst@width=\dimen312
\lst@newlines=\count362
\lst@lineno=\count363
\lst@maxwidth=\dimen313
 (C:\Users\gdelu\AppData\Local\Programs\MiKTeX\tex/latex/listings\lstpatch.sty
File: lstpatch.sty 2025/11/14 1.11b (Carsten Heinz)
) (C:\Users\gdelu\AppData\Local\Programs\MiKTeX\tex/latex/listings\lstmisc.sty
File: lstmisc.sty 2025/11/14 1.11b (Carsten Heinz)
\c@lstnumber=\count364
\lst@skipnumbers=\count365
\lst@framebox=\box87
) (C:\Users\gdelu\AppData\Local\Programs\MiKTeX\tex/latex/listings\listings.cfg
File: listings.cfg 2025/11/14 1.11b listings configuration
))
Package: listings 2025/11/14 1.11b (Carsten Heinz)

==> First Aid for listings.sty no longer applied!
    Expected:
        2024/09/23 1.10c (Carsten Heinz)
    but found:
        2025/11/14 1.11b (Carsten Heinz)
    so I'm assuming it got fixed.
(C:\Users\gdelu\AppData\Local\Programs\MiKTeX\tex/latex/tcolorbox\tcblistingscore.code.tex
Library (tcolorbox): 'tcblistingscore.code.tex' version '6.9.0'
(C:\Users\gdelu\AppData\Local\Programs\MiKTeX\tex/latex/tcolorbox\tcbprocessing.code.tex
Library (tcolorbox): 'tcbprocessing.code.tex' version '6.9.0'
)
\c@tcblisting=\count366
)) (C:\Users\gdelu\AppData\Local\Programs\MiKTeX\tex/latex/listingsutf8\listingsutf8.sty
Package: listingsutf8 2019-12-10 v1.5 Allow UTF-8 in listings input (HO)
)) (C:\Users\gdelu\AppData\Local\Programs\MiKTeX\tex/latex/tcolorbox\tcbexternal.code.tex
Library (tcolorbox): 'tcbexternal.code.tex' version '6.9.0'
) (C:\Users\gdelu\AppData\Local\Programs\MiKTeX\tex/latex/tcolorbox\tcbmagazine.code.tex
Library (tcolorbox): 'tcbmagazine.code.tex' version '6.9.0'
) (C:\Users\gdelu\AppData\Local\Programs\MiKTeX\tex/latex/tcolorbox\tcbvignette.code.tex
Library (tcolorbox): 'tcbvignette.code.tex' version '6.9.0'
(C:\Users\gdelu\AppData\Local\Programs\MiKTeX\tex/generic/pgf/frontendlayer/tikz/libraries\tikzlibraryfadings.code.tex
File: tikzlibraryfadings.code.tex 2025-08-29 v3.1.11a (3.1.11a)
 (C:\Users\gdelu\AppData\Local\Programs\MiKTeX\tex/generic/pgf/libraries\pgflibraryfadings.code.tex
File: pgflibraryfadings.code.tex 2025-08-29 v3.1.11a (3.1.11a)
))) (C:\Users\gdelu\AppData\Local\Programs\MiKTeX\tex/latex/tcolorbox\tcbposter.code.tex
Library (tcolorbox): 'tcbposter.code.tex' version '6.9.0'
)) (C:\Users\gdelu\AppData\Local\Programs\MiKTeX\tex/latex/colortbl\colortbl.sty
Package: colortbl 2024/10/29 v1.0k Color table columns (DPC)
\everycr=\toks50
\minrowclearance=\skip74
\rownum=\count367
) (C:\Users\gdelu\AppData\Local\Programs\MiKTeX\tex/latex/xcolor\svgnam.def
File: svgnam.def 2024/09/29 v3.02 Predefined colors according to SVG 1.1 (UK)
) (C:\Users\gdelu\AppData\Local\Programs\MiKTeX\tex/latex/l3backend\l3backend-pdftex.def
File: l3backend-pdftex.def 2025-10-09 L3 backend support: PDF output (pdfTeX)
\l__color_backend_stack_int=\count368
) (main.aux

LaTeX Warning: Label `fig:usecase' multiply defined.


LaTeX Warning: Label `fig:usecase' multiply defined.


LaTeX Warning: Label `fig:usecase' multiply defined.


LaTeX Warning: Label `fig:usecase' multiply defined.


LaTeX Warning: Label `fig:usecase' multiply defined.


LaTeX Warning: Label `fig:usecase' multiply defined.


LaTeX Warning: Label `fig:usecase' multiply defined.


LaTeX Warning: Label `fig:usecase' multiply defined.


LaTeX Warning: Label `fig:usecase' multiply defined.


LaTeX Warning: Label `fig:usecase' multiply defined.


LaTeX Warning: Label `fig:usecase' multiply defined.


LaTeX Warning: Label `fig:usecase' multiply defined.


LaTeX Warning: Label `fig:usecase' multiply defined.

)
\openout1 = `main.aux'.

LaTeX Font Info:    Checking defaults for OML/cmm/m/it on input line 87.
LaTeX Font Info:    ... okay on input line 87.
LaTeX Font Info:    Checking defaults for OMS/cmsy/m/n on input line 87.
LaTeX Font Info:    ... okay on input line 87.
LaTeX Font Info:    Checking defaults for OT1/cmr/m/n on input line 87.
LaTeX Font Info:    ... okay on input line 87.
LaTeX Font Info:    Checking defaults for T1/cmr/m/n on input line 87.
LaTeX Font Info:    ... okay on input line 87.
LaTeX Font Info:    Checking defaults for TS1/cmr/m/n on input line 87.
LaTeX Font Info:    ... okay on input line 87.
LaTeX Font Info:    Checking defaults for OMX/cmex/m/n on input line 87.
LaTeX Font Info:    ... okay on input line 87.
LaTeX Font Info:    Checking defaults for U/cmr/m/n on input line 87.
LaTeX Font Info:    ... okay on input line 87.
LaTeX Font Info:    Checking defaults for PD1/pdf/m/n on input line 87.
LaTeX Font Info:    ... okay on input line 87.
LaTeX Font Info:    Checking defaults for PU/pdf/m/n on input line 87.
LaTeX Font Info:    ... okay on input line 87.
LaTeX Info: Redefining \it@ocap on input line 87.
LaTeX Info: Redefining \it@ccap on input line 87.
 (C:\Users\gdelu\AppData\Local\Programs\MiKTeX\tex/context/base/mkii\supp-pdf.mkii
[Loading MPS to PDF converter (version 2006.09.02).]
\scratchcounter=\count369
\scratchdimen=\dimen314
\scratchbox=\box88
\nofMPsegments=\count370
\nofMParguments=\count371
\everyMPshowfont=\toks51
\MPscratchCnt=\count372
\MPscratchDim=\dimen315
\MPnumerator=\count373
\makeMPintoPDFobject=\count374
\everyMPtoPDFconversion=\toks52
) (C:\Users\gdelu\AppData\Local\Programs\MiKTeX\tex/latex/epstopdf-pkg\epstopdf-base.sty
Package: epstopdf-base 2020-01-24 v2.11 Base part for package epstopdf
Package epstopdf-base Info: Redefining graphics rule for `.eps' on input line 485.
 (C:\Users\gdelu\AppData\Local\Programs\MiKTeX\tex/latex/00miktex\epstopdf-sys.cfg
File: epstopdf-sys.cfg 2021/03/18 v2.0 Configuration of epstopdf for MiKTeX
))
Package hyperref Info: Link coloring OFF on input line 87.
 (main.out) (main.out)
\@outlinefile=\write4
\openout4 = `main.out'.


*geometry* driver: auto-detecting
*geometry* detected driver: pdftex
*geometry* verbose mode - [ preamble ] result:
* driver: pdftex
* paper: a4paper
* layout: <same size as paper>
* layoutoffset:(h,v)=(0.0pt,0.0pt)
* modes: 
* h-part:(L,W,R)=(72.26999pt, 452.9679pt, 72.26999pt)
* v-part:(T,H,B)=(72.26999pt, 700.50687pt, 72.26999pt)
* \paperwidth=597.50787pt
* \paperheight=845.04684pt
* \textwidth=452.9679pt
* \textheight=700.50687pt
* \oddsidemargin=0.0pt
* \evensidemargin=0.0pt
* \topmargin=-37.0pt
* \headheight=12.0pt
* \headsep=25.0pt
* \topskip=10.0pt
* \footskip=30.0pt
* \marginparwidth=65.0pt
* \marginparsep=11.0pt
* \columnsep=10.0pt
* \skip\footins=9.0pt plus 4.0pt minus 2.0pt
* \hoffset=0.0pt
* \voffset=0.0pt
* \mag=1000
* \@twocolumnfalse
* \@twosidefalse
* \@mparswitchfalse
* \@reversemarginfalse
* (1in=72.27pt=25.4mm, 1cm=28.453pt)

(C:\Users\gdelu\AppData\Local\Programs\MiKTeX\tex/latex/pdflscape\pdflscape.sty
Package: pdflscape 2022-10-27 v0.13 Display of landscape pages in PDF
 (C:\Users\gdelu\AppData\Local\Programs\MiKTeX\tex/latex/pdflscape\pdflscape-nometadata.sty
Package: pdflscape-nometadata 2022-10-28 v0.13 Display of landscape pages in PDF (HO)
 (C:\Users\gdelu\AppData\Local\Programs\MiKTeX\tex/latex/graphics\lscape.sty
Package: lscape 2020/05/28 v3.02 Landscape Pages (DPC)
)
Package pdflscape Info: Auto-detected driver: pdftex on input line 81.
))
\c@lstlisting=\count375
<images/LogoUnina.jpg, id=318, 1204.5pt x 391.4625pt>
File: images/LogoUnina.jpg Graphic file (type jpg)
<use images/LogoUnina.jpg>
Package pdftex.def Info: images/LogoUnina.jpg  used on input line 99.
(pdftex.def)             Requested size: 226.48395pt x 73.60213pt.
 [1

{C:/Users/gdelu/AppData/Local/MiKTeX/fonts/map/pdftex/pdftex.map} <./images/LogoUnina.jpg>] (main.toc [2])
\tf@toc=\write5
\openout5 = `main.toc'.

 [3] [4] [5]
<images/fotoUseCase/UseCaseFinale.png, id=431, 862.22125pt x 1472.50125pt>
File: images/fotoUseCase/UseCaseFinale.png Graphic file (type png)
<use images/fotoUseCase/UseCaseFinale.png>
Package pdftex.def Info: images/fotoUseCase/UseCaseFinale.png  used on input line 208.
(pdftex.def)             Requested size: 330.66463pt x 564.7016pt.
 [6 <./images/fotoUseCase/UseCaseFinale.png>]
<images/fotoUseCase/UtenteGenericoUseCase.png, id=439, 607.068pt x 112.62074pt>
File: images/fotoUseCase/UtenteGenericoUseCase.png Graphic file (type png)
<use images/fotoUseCase/UtenteGenericoUseCase.png>
Package pdftex.def Info: images/fotoUseCase/UtenteGenericoUseCase.png  used on input line 216.
(pdftex.def)             Requested size: 452.9679pt x 84.03229pt.
<images/fotoUseCase/UtenteNonRegistratoUseCase.png, id=440, 743.77875pt x 245.11575pt>
File: images/fotoUseCase/UtenteNonRegistratoUseCase.png Graphic file (type png)
<use images/fotoUseCase/UtenteNonRegistratoUseCase.png>
Package pdftex.def Info: images/fotoUseCase/UtenteNonRegistratoUseCase.png  used on input line 229.
(pdftex.def)             Requested size: 452.9679pt x 149.281pt.
 [7 <./images/fotoUseCase/UtenteGenericoUseCase.png> <./images/fotoUseCase/UtenteNonRegistratoUseCase.png>]
<images/fotoUseCase/UtenteRegistratoUseCase.png, id=448, 649.2255pt x 278.2395pt>
File: images/fotoUseCase/UtenteRegistratoUseCase.png Graphic file (type png)
<use images/fotoUseCase/UtenteRegistratoUseCase.png>
Package pdftex.def Info: images/fotoUseCase/UtenteRegistratoUseCase.png  used on input line 243.
(pdftex.def)             Requested size: 452.9679pt x 194.12947pt.
<images/fotoUseCase/AgenteImmobilirareUseCase.png, id=449, 563.10374pt x 364.36125pt>
File: images/fotoUseCase/AgenteImmobilirareUseCase.png Graphic file (type png)
<use images/fotoUseCase/AgenteImmobilirareUseCase.png>
Package pdftex.def Info: images/fotoUseCase/AgenteImmobilirareUseCase.png  used on input line 256.
(pdftex.def)             Requested size: 452.9679pt x 293.09615pt.
 [8 <./images/fotoUseCase/UtenteRegistratoUseCase.png> <./images/fotoUseCase/AgenteImmobilirareUseCase.png>]
<images/fotoUseCase/AmministratoreAgenziaUseCase.png, id=456, 552.8655pt x 328.8285pt>
File: images/fotoUseCase/AmministratoreAgenziaUseCase.png Graphic file (type png)
<use images/fotoUseCase/AmministratoreAgenziaUseCase.png>
Package pdftex.def Info: images/fotoUseCase/AmministratoreAgenziaUseCase.png  used on input line 269.
(pdftex.def)             Requested size: 452.9679pt x 269.42035pt.
 [9 <./images/fotoUseCase/AmministratoreAgenziaUseCase.png>] [10]
<images/Personas1.jpg, id=466, 1445.4pt x 813.0375pt>
File: images/Personas1.jpg Graphic file (type jpg)
<use images/Personas1.jpg>
Package pdftex.def Info: images/Personas1.jpg  used on input line 340.
(pdftex.def)             Requested size: 452.9679pt x 254.79314pt.
<images/Personas2.jpg, id=467, 1445.4pt x 813.0375pt>
File: images/Personas2.jpg Graphic file (type jpg)
<use images/Personas2.jpg>
Package pdftex.def Info: images/Personas2.jpg  used on input line 341.
(pdftex.def)             Requested size: 452.9679pt x 254.79314pt.
<images/Personas3.jpg, id=468, 1445.4pt x 813.0375pt>
File: images/Personas3.jpg Graphic file (type jpg)
<use images/Personas3.jpg>
Package pdftex.def Info: images/Personas3.jpg  used on input line 347.
(pdftex.def)             Requested size: 452.9679pt x 254.79314pt.
<images/Personas4.jpg, id=469, 1445.4pt x 813.0375pt>
File: images/Personas4.jpg Graphic file (type jpg)
<use images/Personas4.jpg>
Package pdftex.def Info: images/Personas4.jpg  used on input line 348.
(pdftex.def)             Requested size: 452.9679pt x 254.79314pt.
 [11 <./images/Personas1.jpg> <./images/Personas2.jpg>] [12 <./images/Personas3.jpg> <./images/Personas4.jpg>]
<images/CockBurnRicercaImmobile.png, id=478, 485.56406pt x 612.78937pt>
File: images/CockBurnRicercaImmobile.png Graphic file (type png)
<use images/CockBurnRicercaImmobile.png>
Package pdftex.def Info: images/CockBurnRicercaImmobile.png  used on input line 360.
(pdftex.def)             Requested size: 330.66463pt x 417.29903pt.
<images/CockBurnRicercaImmobile2.png, id=479, 487.8225pt x 491.58656pt>
File: images/CockBurnRicercaImmobile2.png Graphic file (type png)
<use images/CockBurnRicercaImmobile2.png>
Package pdftex.def Info: images/CockBurnRicercaImmobile2.png  used on input line 365.
(pdftex.def)             Requested size: 330.66463pt x 333.2168pt.
 [13 <./images/CockBurnRicercaImmobile.png>] [14 <./images/CockBurnRicercaImmobile2.png>]
<images/CockBurnCaricamentoImmobile.png, id=491, 544.28343pt x 575.14874pt>
File: images/CockBurnCaricamentoImmobile.png Graphic file (type png)
<use images/CockBurnCaricamentoImmobile.png>
Package pdftex.def Info: images/CockBurnCaricamentoImmobile.png  used on input line 372.
(pdftex.def)             Requested size: 330.66463pt x 349.40973pt.
 [15 <./images/CockBurnCaricamentoImmobile.png>]
<images/CockBurnAggiornamentoImmobile.png, id=497, 492.33937pt x 531.48563pt>
File: images/CockBurnAggiornamentoImmobile.png Graphic file (type png)
<use images/CockBurnAggiornamentoImmobile.png>
Package pdftex.def Info: images/CockBurnAggiornamentoImmobile.png  used on input line 379.
(pdftex.def)             Requested size: 330.66463pt x 356.96938pt.
 [16 <./images/CockBurnAggiornamentoImmobile.png>]
<images/CockBurnCreazioneAgente.png, id=503, 493.0922pt x 523.20468pt>
File: images/CockBurnCreazioneAgente.png Graphic file (type png)
<use images/CockBurnCreazioneAgente.png>
Package pdftex.def Info: images/CockBurnCreazioneAgente.png  used on input line 386.
(pdftex.def)             Requested size: 330.66463pt x 350.87263pt.
 [17 <./images/CockBurnCreazioneAgente.png>]
<images/fotomockup/index/1.png, id=509, 1429.59094pt x 712.16063pt>
File: images/fotomockup/index/1.png Graphic file (type png)
<use images/fotomockup/index/1.png>
Package pdftex.def Info: images/fotomockup/index/1.png  used on input line 409.
(pdftex.def)             Requested size: 362.37569pt x 180.51732pt.
<images/fotomockup/index/2.png, id=510, 1424.32124pt x 703.87968pt>
File: images/fotomockup/index/2.png Graphic file (type png)
<use images/fotomockup/index/2.png>
Package pdftex.def Info: images/fotomockup/index/2.png  used on input line 415.
(pdftex.def)             Requested size: 362.37569pt x 179.07344pt.
 [18
pdfTeX warning (ext4): destination with the same identifier (name{figure.1}) has been already used, duplicate ignored
<argument> ...shipout:D \box_use:N \l_shipout_box 
                                                  \__shipout_drop_firstpage_...
l.423 \textbf{Funzionalità principali:}
                                        
pdfTeX warning (ext4): destination with the same identifier (name{figure.2}) has been already used, duplicate ignored
<argument> ...shipout:D \box_use:N \l_shipout_box 
                                                  \__shipout_drop_firstpage_...
l.423 \textbf{Funzionalità principali:}
                                         <./images/fotomockup/index/1.png> <./images/fotomockup/index/2.png>]
<images/fotomockup/Ricerca.png, id=519, 1927.2pt x 1062.97125pt>
File: images/fotomockup/Ricerca.png Graphic file (type png)
<use images/fotomockup/Ricerca.png>
Package pdftex.def Info: images/fotomockup/Ricerca.png  used on input line 432.
(pdftex.def)             Requested size: 362.37569pt x 199.85808pt.
 [19
pdfTeX warning (ext4): destination with the same identifier (name{figure.3}) has been already used, duplicate ignored
<argument> ...shipout:D \box_use:N \l_shipout_box 
                                                  \__shipout_drop_firstpage_...
l.436 \newpage
               <./images/fotomockup/Ricerca.png>]
<images/fotomockup/visualizzazione immobile.png, id=527, 1927.2pt x 1276.77pt>
File: images/fotomockup/visualizzazione immobile.png Graphic file (type png)
<use images/fotomockup/visualizzazione immobile.png>
Package pdftex.def Info: images/fotomockup/visualizzazione immobile.png  used on input line 450.
(pdftex.def)             Requested size: 362.37569pt x 240.05617pt.
 [20
pdfTeX warning (ext4): destination with the same identifier (name{figure.4}) has been already used, duplicate ignored
<argument> ...shipout:D \box_use:N \l_shipout_box 
                                                  \__shipout_drop_firstpage_...
l.453 \newpage
               <./images/fotomockup/visualizzazione immobile.png>]
<images/fotomockup/mia agenzia/3.png, id=534, 1430.34375pt x 704.6325pt>
File: images/fotomockup/mia agenzia/3.png Graphic file (type png)
<use images/fotomockup/mia agenzia/3.png>
Package pdftex.def Info: images/fotomockup/mia agenzia/3.png  used on input line 466.
(pdftex.def)             Requested size: 362.37569pt x 178.51234pt.
 [21
pdfTeX warning (ext4): destination with the same identifier (name{figure.5}) has been already used, duplicate ignored
<argument> ...shipout:D \box_use:N \l_shipout_box 
                                                  \__shipout_drop_firstpage_...
l.470 \newpage
               <./images/fotomockup/mia agenzia/3.png>]
<images/fotomockup/inserimento immobile/screencapture-file-C-Users-giggi-Desktop-DieitiEstateFrontEnd-aggiuntaImmobile-html-2026-03-16-17_07_54.png, id=541, 1927.2pt x 2863.69875pt>
File: images/fotomockup/inserimento immobile/screencapture-file-C-Users-giggi-Desktop-DieitiEstateFrontEnd-aggiuntaImmobile-html-2026-03-16-17_07_54.png Graphic file (type png)
<use images/fotomockup/inserimento immobile/screencapture-file-C-Users-giggi-Desktop-DieitiEstateFrontEnd-aggiuntaImmobile-html-2026-03-16-17_07_54.png>
Package pdftex.def Info: images/fotomockup/inserimento immobile/screencapture-file-C-Users-giggi-Desktop-DieitiEstateFrontEnd-aggiuntaImmobile-html-2026-03-16-17_07_54.png  used on input line 484.
(pdftex.def)             Requested size: 362.37569pt x 538.42789pt.
 [22] [23
pdfTeX warning (ext4): destination with the same identifier (name{figure.6}) has been already used, duplicate ignored
<argument> ...shipout:D \box_use:N \l_shipout_box 
                                                  \__shipout_drop_firstpage_...
l.488 \newpage
               <./images/fotomockup/inserimento immobile/screencapture-file-C-Users-giggi-Desktop-DieitiEstateFrontEnd-aggiuntaImmobile-html-2026-03-16-17_07_54.png>]
<images/fotomockup/login.png, id=552, 1101.11375pt x 940.51375pt>
File: images/fotomockup/login.png Graphic file (type png)
<use images/fotomockup/login.png>
Package pdftex.def Info: images/fotomockup/login.png  used on input line 500.
(pdftex.def)             Requested size: 271.7835pt x 232.14284pt.
<images/fotomockup/registrazione.png, id=553, 1927.2pt x 950.55125pt>
File: images/fotomockup/registrazione.png Graphic file (type png)
<use images/fotomockup/registrazione.png>
Package pdftex.def Info: images/fotomockup/registrazione.png  used on input line 506.
(pdftex.def)             Requested size: 271.7835pt x 134.04805pt.
 [24
pdfTeX warning (ext4): destination with the same identifier (name{figure.7}) has been already used, duplicate ignored
<argument> ...shipout:D \box_use:N \l_shipout_box 
                                                  \__shipout_drop_firstpage_...
l.510 \newpage
              
pdfTeX warning (ext4): destination with the same identifier (name{figure.8}) has been already used, duplicate ignored
<argument> ...shipout:D \box_use:N \l_shipout_box 
                                                  \__shipout_drop_firstpage_...
l.510 \newpage
               <./images/fotomockup/login.png> <./images/fotomockup/registrazione.png>]
<images/fotomockup/profilo utente.png, id=562, 1101.11375pt x 1342.01375pt>
File: images/fotomockup/profilo utente.png Graphic file (type png)
<use images/fotomockup/profilo utente.png>
Package pdftex.def Info: images/fotomockup/profilo utente.png  used on input line 519.
(pdftex.def)             Requested size: 362.37569pt x 441.65775pt.
 [25
pdfTeX warning (ext4): destination with the same identifier (name{figure.9}) has been already used, duplicate ignored
<argument> ...shipout:D \box_use:N \l_shipout_box 
                                                  \__shipout_drop_firstpage_...
l.523 \newpage
               <./images/fotomockup/profilo utente.png>]
<images/fotomockup/profilo agente.png, id=570, 1927.2pt x 962.59625pt>
File: images/fotomockup/profilo agente.png Graphic file (type png)
<use images/fotomockup/profilo agente.png>
Package pdftex.def Info: images/fotomockup/profilo agente.png  used on input line 529.
(pdftex.def)             Requested size: 362.37569pt x 180.98575pt.
 [26
pdfTeX warning (ext4): destination with the same identifier (name{figure.10}) has been already used, duplicate ignored
<argument> ...shipout:D \box_use:N \l_shipout_box 
                                                  \__shipout_drop_firstpage_...
l.539 \newpage
               <./images/fotomockup/profilo agente.png>] [27] [28] [29] [30] [31]
Package hyperref Info: bookmark level for unknown lstlisting defaults to 0 on input line 678.
LaTeX Font Info:    Font shape `T1/cmtt/bx/n' in size <8> not available
(Font)              Font shape `T1/cmtt/m/n' tried instead on input line 679.
 [32]
<images/DatabaseUML.pdf, id=686, 1927.2pt x 1084.05pt>
File: images/DatabaseUML.pdf Graphic file (type pdf)
<use images/DatabaseUML.pdf>
Package pdftex.def Info: images/DatabaseUML.pdf  used on input line 751.
(pdftex.def)             Requested size: 1927.19533pt x 1084.04736pt.
<images/DatabaseUML.pdf, id=688, page=1, 1927.2pt x 1084.05pt>
File: images/DatabaseUML.pdf Graphic file (type pdf)
<use images/DatabaseUML.pdf, page 1>
Package pdftex.def Info: images/DatabaseUML.pdf , page1 used on input line 751.
(pdftex.def)             Requested size: 1927.19533pt x 1084.04736pt.
File: images/DatabaseUML.pdf Graphic file (type pdf)
<use images/DatabaseUML.pdf, page 1>
Package pdftex.def Info: images/DatabaseUML.pdf , page1 used on input line 751.
(pdftex.def)             Requested size: 1734.46402pt x 975.636pt.
File: images/DatabaseUML.pdf Graphic file (type pdf)
<use images/DatabaseUML.pdf, page 1>
Package pdftex.def Info: images/DatabaseUML.pdf , page1 used on input line 751.
(pdftex.def)             Requested size: 1734.46402pt x 975.636pt.
File: images/DatabaseUML.pdf Graphic file (type pdf)
<use images/DatabaseUML.pdf, page 1>
Package pdftex.def Info: images/DatabaseUML.pdf , page1 used on input line 751.
(pdftex.def)             Requested size: 1734.46402pt x 975.636pt.
File: images/DatabaseUML.pdf Graphic file (type pdf)
<use images/DatabaseUML.pdf, page 1>
Package pdftex.def Info: images/DatabaseUML.pdf , page1 used on input line 755.
(pdftex.def)             Requested size: 1734.46402pt x 975.636pt.
 [33

 <./images/DatabaseUML.pdf>] [34] [35] [36]
<images/fotoUML/UserAuthUML.png, id=849, 1903.11pt x 2758.305pt>
File: images/fotoUML/UserAuthUML.png Graphic file (type png)
<use images/fotoUML/UserAuthUML.png>
Package pdftex.def Info: images/fotoUML/UserAuthUML.png  used on input line 937.
(pdftex.def)             Requested size: 362.37569pt x 525.1777pt.
 [37] [38
pdfTeX warning (ext4): destination with the same identifier (name{figure.11}) has been already used, duplicate ignored
<argument> ...shipout:D \box_use:N \l_shipout_box 
                                                  \__shipout_drop_firstpage_...
l.941 \newpage
               <./images/fotoUML/UserAuthUML.png>]
<images/fotoUML/PropertiesImagesUML.png, id=861, 2284.535pt x 3171.85pt>
File: images/fotoUML/PropertiesImagesUML.png Graphic file (type png)
<use images/fotoUML/PropertiesImagesUML.png>
Package pdftex.def Info: images/fotoUML/PropertiesImagesUML.png  used on input line 945.
(pdftex.def)             Requested size: 362.37569pt x 503.10211pt.
 [39
pdfTeX warning (ext4): destination with the same identifier (name{figure.12}) has been already used, duplicate ignored
<argument> ...shipout:D \box_use:N \l_shipout_box 
                                                  \__shipout_drop_firstpage_...
l.948 \newpage
               <./images/fotoUML/PropertiesImagesUML.png>]
<images/fotoUML/PropertiesFeaturesUML.png, id=868, 1658.195pt x 2095.83pt>
File: images/fotoUML/PropertiesFeaturesUML.png Graphic file (type png)
<use images/fotoUML/PropertiesFeaturesUML.png>
Package pdftex.def Info: images/fotoUML/PropertiesFeaturesUML.png  used on input line 953.
(pdftex.def)             Requested size: 271.7835pt x 343.49449pt.
 [40
pdfTeX warning (ext4): destination with the same identifier (name{figure.13}) has been already used, duplicate ignored
<argument> ...shipout:D \box_use:N \l_shipout_box 
                                                  \__shipout_drop_firstpage_...
l.956 \newpage
               <./images/fotoUML/PropertiesFeaturesUML.png>]
<images/fotoUML/AgenciesUML.png, id=875, 1096.095pt x 2396.955pt>
File: images/fotoUML/AgenciesUML.png Graphic file (type png)
<use images/fotoUML/AgenciesUML.png>
Package pdftex.def Info: images/fotoUML/AgenciesUML.png  used on input line 961.
(pdftex.def)             Requested size: 226.48395pt x 495.25586pt.
 [41
pdfTeX warning (ext4): destination with the same identifier (name{figure.14}) has been already used, duplicate ignored
<argument> ...shipout:D \box_use:N \l_shipout_box 
                                                  \__shipout_drop_firstpage_...
l.964 \newpage
               <./images/fotoUML/AgenciesUML.png>]
<images/fotoUML/RequestAgenciesUML.png, id=882, 1039.885pt x 2517.405pt>
File: images/fotoUML/RequestAgenciesUML.png Graphic file (type png)
<use images/fotoUML/RequestAgenciesUML.png>
Package pdftex.def Info: images/fotoUML/RequestAgenciesUML.png  used on input line 969.
(pdftex.def)             Requested size: 226.48395pt x 548.26102pt.
 [42
pdfTeX warning (ext4): destination with the same identifier (name{figure.15}) has been already used, duplicate ignored
<argument> ...shipout:D \box_use:N \l_shipout_box 
                                                  \__shipout_drop_firstpage_...
l.972 \newpage
               <./images/fotoUML/RequestAgenciesUML.png>]
<images/fotoUML/NotificationsUML.png, id=889, 1128.215pt x 2216.28pt>
File: images/fotoUML/NotificationsUML.png Graphic file (type png)
<use images/fotoUML/NotificationsUML.png>
Package pdftex.def Info: images/fotoUML/NotificationsUML.png  used on input line 977.
(pdftex.def)             Requested size: 226.48395pt x 444.90521pt.
 [43
pdfTeX warning (ext4): destination with the same identifier (name{figure.16}) has been already used, duplicate ignored
<argument> ...shipout:D \box_use:N \l_shipout_box 
                                                  \__shipout_drop_firstpage_...
l.980 \newpage
               <./images/fotoUML/NotificationsUML.png>]
<images/fotoUML/SearchesUML.png, id=897, 959.585pt x 2095.83pt>
File: images/fotoUML/SearchesUML.png Graphic file (type png)
<use images/fotoUML/SearchesUML.png>
Package pdftex.def Info: images/fotoUML/SearchesUML.png  used on input line 985.
(pdftex.def)             Requested size: 226.48395pt x 494.66277pt.
 [44
pdfTeX warning (ext4): destination with the same identifier (name{figure.17}) has been already used, duplicate ignored
<argument> ...shipout:D \box_use:N \l_shipout_box 
                                                  \__shipout_drop_firstpage_...
l.988 \newpage
               <./images/fotoUML/SearchesUML.png>]
<images/fotoSequenceDiagram/aggiornametoImmobile.png, id=904, 1101.36469pt x 532.99126pt>
File: images/fotoSequenceDiagram/aggiornametoImmobile.png Graphic file (type png)
<use images/fotoSequenceDiagram/aggiornametoImmobile.png>
Package pdftex.def Info: images/fotoSequenceDiagram/aggiornametoImmobile.png  used on input line 1011.
(pdftex.def)             Requested size: 498.26744pt x 241.12883pt.

Overfull \hbox (45.29955pt too wide) in paragraph at lines 1011--1012
 [][] 
 []

[45
pdfTeX warning (ext4): destination with the same identifier (name{figure.18}) has been already used, duplicate ignored
<argument> ...shipout:D \box_use:N \l_shipout_box 
                                                  \__shipout_drop_firstpage_...
l.1015 \newpage
                <./images/fotoSequenceDiagram/aggiornametoImmobile.png>]
<images/fotoSequenceDiagram/caricamentoImmobile.png, id=911, 1099.10625pt x 499.11469pt>
File: images/fotoSequenceDiagram/caricamentoImmobile.png Graphic file (type png)
<use images/fotoSequenceDiagram/caricamentoImmobile.png>
Package pdftex.def Info: images/fotoSequenceDiagram/caricamentoImmobile.png  used on input line 1019.
(pdftex.def)             Requested size: 498.26744pt x 226.2674pt.

Overfull \hbox (45.29955pt too wide) in paragraph at lines 1019--1020
 [][] 
 []

[46
pdfTeX warning (ext4): destination with the same identifier (name{figure.19}) has been already used, duplicate ignored
<argument> ...shipout:D \box_use:N \l_shipout_box 
                                                  \__shipout_drop_firstpage_...
l.1022 \newpage
                <./images/fotoSequenceDiagram/caricamentoImmobile.png>]
<images/fotoSequenceDiagram/creazioneAgenteImmobiliare.png, id=918, 1120.185pt x 496.85625pt>
File: images/fotoSequenceDiagram/creazioneAgenteImmobiliare.png Graphic file (type png)
<use images/fotoSequenceDiagram/creazioneAgenteImmobiliare.png>
Package pdftex.def Info: images/fotoSequenceDiagram/creazioneAgenteImmobiliare.png  used on input line 1027.
(pdftex.def)             Requested size: 498.26744pt x 221.00555pt.

Overfull \hbox (45.29955pt too wide) in paragraph at lines 1027--1028
 [][] 
 []

[47
pdfTeX warning (ext4): destination with the same identifier (name{figure.20}) has been already used, duplicate ignored
<argument> ...shipout:D \box_use:N \l_shipout_box 
                                                  \__shipout_drop_firstpage_...
l.1030 \newpage
                <./images/fotoSequenceDiagram/creazioneAgenteImmobiliare.png>]
<images/fotoSequenceDiagram/ricercaImmobile.png, id=925, 1110.39844pt x 554.82281pt>
File: images/fotoSequenceDiagram/ricercaImmobile.png Graphic file (type png)
<use images/fotoSequenceDiagram/ricercaImmobile.png>
Package pdftex.def Info: images/fotoSequenceDiagram/ricercaImmobile.png  used on input line 1035.
(pdftex.def)             Requested size: 498.26744pt x 248.96529pt.

Overfull \hbox (45.29955pt too wide) in paragraph at lines 1035--1036
 [][] 
 []

[48
pdfTeX warning (ext4): destination with the same identifier (name{figure.21}) has been already used, duplicate ignored
<argument> ...shipout:D \box_use:N \l_shipout_box 
                                                  \__shipout_drop_firstpage_...
l.1039 \newpage
                <./images/fotoSequenceDiagram/ricercaImmobile.png>]
<images/fotoSequenceDiagram/ricercaPrezzo.png, id=932, 1050.92625pt x 596.2275pt>
File: images/fotoSequenceDiagram/ricercaPrezzo.png Graphic file (type png)
<use images/fotoSequenceDiagram/ricercaPrezzo.png>
Package pdftex.def Info: images/fotoSequenceDiagram/ricercaPrezzo.png  used on input line 1044.
(pdftex.def)             Requested size: 498.26744pt x 282.68333pt.

Overfull \hbox (45.29955pt too wide) in paragraph at lines 1044--1045
 [][] 
 []

[49
pdfTeX warning (ext4): destination with the same identifier (name{figure.22}) has been already used, duplicate ignored
<argument> ...shipout:D \box_use:N \l_shipout_box 
                                                  \__shipout_drop_firstpage_...
l.1048 \newpage
                <./images/fotoSequenceDiagram/ricercaPrezzo.png>]
<images/fotoSequenceDiagram/ricercaMappa.png, id=940, 1102.87032pt x 556.32843pt>
File: images/fotoSequenceDiagram/ricercaMappa.png Graphic file (type png)
<use images/fotoSequenceDiagram/ricercaMappa.png>
Package pdftex.def Info: images/fotoSequenceDiagram/ricercaMappa.png  used on input line 1053.
(pdftex.def)             Requested size: 498.26744pt x 251.34717pt.

Overfull \hbox (45.29955pt too wide) in paragraph at lines 1053--1054
 [][] 
 []

[50
pdfTeX warning (ext4): destination with the same identifier (name{figure.23}) has been already used, duplicate ignored
<argument> ...shipout:D \box_use:N \l_shipout_box 
                                                  \__shipout_drop_firstpage_...
l.1057 \newpage
                <./images/fotoSequenceDiagram/ricercaMappa.png>]
<images/fotoSequenceDiagram/ricercaFiltri.png, id=947, 1105.88156pt x 563.10374pt>
File: images/fotoSequenceDiagram/ricercaFiltri.png Graphic file (type png)
<use images/fotoSequenceDiagram/ricercaFiltri.png>
Package pdftex.def Info: images/fotoSequenceDiagram/ricercaFiltri.png  used on input line 1062.
(pdftex.def)             Requested size: 498.26744pt x 253.71225pt.

Overfull \hbox (45.29955pt too wide) in paragraph at lines 1062--1063
 [][] 
 []

[51
pdfTeX warning (ext4): destination with the same identifier (name{figure.24}) has been already used, duplicate ignored
<argument> ...shipout:D \box_use:N \l_shipout_box 
                                                  \__shipout_drop_firstpage_...
l.1066 \newpage
                <./images/fotoSequenceDiagram/ricercaFiltri.png>]
<images/CommitGitHub.jpeg, id=954, 925.4575pt x 690.58pt>
File: images/CommitGitHub.jpeg Graphic file (type jpg)
<use images/CommitGitHub.jpeg>
Package pdftex.def Info: images/CommitGitHub.jpeg  used on input line 1072.
(pdftex.def)             Requested size: 452.9679pt x 338.00781pt.
 [52
pdfTeX warning (ext4): destination with the same identifier (name{figure.25}) has been already used, duplicate ignored
<argument> ...shipout:D \box_use:N \l_shipout_box 
                                                  \__shipout_drop_firstpage_...
l.1077 \newpage
                <./images/CommitGitHub.jpeg>]
<images/ReportSonarQube.png, id=960, 904.5795pt x 437.2335pt>
File: images/ReportSonarQube.png Graphic file (type png)
<use images/ReportSonarQube.png>
Package pdftex.def Info: images/ReportSonarQube.png  used on input line 1082.
(pdftex.def)             Requested size: 452.9679pt x 218.94312pt.
 [53
pdfTeX warning (ext4): destination with the same identifier (name{figure.26}) has been already used, duplicate ignored
<argument> ...shipout:D \box_use:N \l_shipout_box 
                                                  \__shipout_drop_firstpage_...
l.1087 \newpage
                <./images/ReportSonarQube.png>] [54] [55]
Underfull \hbox (badness 10000) in paragraph at lines 1190--1190
[]|[]\T1/cmr/bx/n/10 Input (email,
 []


Underfull \hbox (badness 10000) in paragraph at lines 1190--1190
[]|\T1/cmr/m/n/10 ("mario@email.it",
 []


Underfull \hbox (badness 10000) in paragraph at lines 1190--1190
[]|\T1/cmr/m/n/10 ("mario@email.it",
 []


Underfull \hbox (badness 10000) in paragraph at lines 1190--1190
\T1/cmr/m/n/10 "Pas-sword-Si-cu-
 []


Underfull \hbox (badness 10000) in paragraph at lines 1190--1190
[]|\T1/cmr/m/n/10 ("mario@email.it",
 []


Underfull \hbox (badness 10000) in paragraph at lines 1190--1190
\T1/cmr/m/n/10 "Pas-sword-Si-cu-
 []

[56
pdfTeX warning (ext4): destination with the same identifier (name{table.1}) has been already used, duplicate ignored
<argument> ...shipout:D \box_use:N \l_shipout_box 
                                                  \__shipout_drop_firstpage_...
l.1193 \newpage
               
pdfTeX warning (ext4): destination with the same identifier (name{table.2}) has been already used, duplicate ignored
<argument> ...shipout:D \box_use:N \l_shipout_box 
                                                  \__shipout_drop_firstpage_...
l.1193 \newpage
               ] [57]
Underfull \hbox (badness 10000) in paragraph at lines 1265--1265
[]|[]\T1/cmr/bx/n/10 Input (pri-ce,
 []


Underfull \hbox (badness 2781) in paragraph at lines 1265--1265
[]|\T1/cmr/m/n/10 (6000, 'Af-fit-to',
 []


Underfull \hbox (badness 1831) in paragraph at lines 1265--1265
\T1/cmr/m/n/10 'Bel-lis-si-mo at-ti-
 []


Underfull \hbox (badness 2781) in paragraph at lines 1265--1265
[]|\T1/cmr/m/n/10 (3000, 'Af-fit-to',
 []


Underfull \hbox (badness 1831) in paragraph at lines 1265--1265
\T1/cmr/m/n/10 'Bel-lis-si-mo at-ti-
 []

[58
pdfTeX warning (ext4): destination with the same identifier (name{table.3}) has been already used, duplicate ignored
<argument> ...shipout:D \box_use:N \l_shipout_box 
                                                  \__shipout_drop_firstpage_...
l.1268 \newpage
               
pdfTeX warning (ext4): destination with the same identifier (name{table.4}) has been already used, duplicate ignored
<argument> ...shipout:D \box_use:N \l_shipout_box 
                                                  \__shipout_drop_firstpage_...
l.1268 \newpage
               ] [59]
Underfull \hbox (badness 10000) in paragraph at lines 1331--1331
[]|[]\T1/cmr/bx/n/10 Input (ad-dress,
 []

[60
pdfTeX warning (ext4): destination with the same identifier (name{table.5}) has been already used, duplicate ignored
<argument> ...shipout:D \box_use:N \l_shipout_box 
                                                  \__shipout_drop_firstpage_...
l.1333 \newpage
               
pdfTeX warning (ext4): destination with the same identifier (name{table.6}) has been already used, duplicate ignored
<argument> ...shipout:D \box_use:N \l_shipout_box 
                                                  \__shipout_drop_firstpage_...
l.1333 \newpage
               ] [61] [62
pdfTeX warning (ext4): destination with the same identifier (name{table.7}) has been already used, duplicate ignored
<argument> ...shipout:D \box_use:N \l_shipout_box 
                                                  \__shipout_drop_firstpage_...
l.1403 \newpage
               
pdfTeX warning (ext4): destination with the same identifier (name{table.8}) has been already used, duplicate ignored
<argument> ...shipout:D \box_use:N \l_shipout_box 
                                                  \__shipout_drop_firstpage_...
l.1403 \newpage
               ]
<images/TestResult.png, id=1119, 671.50874pt x 319.1925pt>
File: images/TestResult.png Graphic file (type png)
<use images/TestResult.png>
Package pdftex.def Info: images/TestResult.png  used on input line 1410.
(pdftex.def)             Requested size: 317.07614pt x 150.71696pt.
 [63
pdfTeX warning (ext4): destination with the same identifier (name{figure.27}) has been already used, duplicate ignored
<argument> ...shipout:D \box_use:N \l_shipout_box 
                                                  \__shipout_drop_firstpage_...
l.1417 \end{document}
                      <./images/TestResult.png>] (main.aux)
 ***********
LaTeX2e <2025-11-01>
L3 programming layer <2026-01-19>
 ***********


LaTeX Warning: There were multiply-defined labels.

Package rerunfilecheck Info: File `main.out' has not changed.
(rerunfilecheck)             Checksum: 1B407F86E29AFEE10BF2CBCC714B9648;15884.
 ) 
Here is how much of TeX's memory you used:
 31890 strings out of 467867
 645330 string characters out of 5418334
 1455933 words of memory out of 5000000
 59777 multiletter control sequences out of 15000+600000
 639822 words of font info for 59 fonts, out of 8000000 for 9000
 1141 hyphenation exceptions out of 8191
 94i,18n,108p,908b,2063s stack positions out of 10000i,1000n,20000p,200000b,200000s
 <C:\Users\gdelu\AppData\Local\MiKTeX\fonts/pk/ljfour/jknappen/ec/dpi600\ectt0800.pk> <C:\Users\gdelu\AppData\Local\MiKTeX\fonts/pk/ljfour/jknappen/ec/dpi600\ecrm0500.pk> <C:\Users\gdelu\AppData\Local\MiKTeX\fonts/pk/ljfour/jknappen/ec/dpi600\ectt1000.pk> <C:\Users\gdelu\AppData\Local\MiKTeX\fonts/pk/ljfour/jknappen/ec/dpi600\ecbx1200.pk> <C:\Users\gdelu\AppData\Local\MiKTeX\fonts/pk/ljfour/jknappen/ec/dpi600\tcrm1000.pk> <C:\Users\gdelu\AppData\Local\MiKTeX\fonts/pk/ljfour/jknappen/ec/dpi600\ecti1000.pk> <C:\Users\gdelu\AppData\Local\MiKTeX\fonts/pk/ljfour/jknappen/ec/dpi600\ecbx1000.pk> <C:\Users\gdelu\AppData\Local\MiKTeX\fonts/pk/ljfour/jknappen/ec/dpi600\ecbx1440.pk> <C:\Users\gdelu\AppData\Local\MiKTeX\fonts/pk/ljfour/jknappen/ec/dpi600\ecsx1000.pk> <C:\Users\gdelu\AppData\Local\MiKTeX\fonts/pk/ljfour/jknappen/ec/dpi600\ecrm1728.pk> <C:\Users\gdelu\AppData\Local\MiKTeX\fonts/pk/ljfour/jknappen/ec/dpi600\ecrm1000.pk> <C:\Users\gdelu\AppData\Local\MiKTeX\fonts/pk/ljfour/jknappen/ec/dpi600\ecbx1728.pk> <C:\Users\gdelu\AppData\Local\MiKTeX\fonts/pk/ljfour/jknappen/ec/dpi600\ecrm0700.pk> <C:\Users\gdelu\AppData\Local\MiKTeX\fonts/pk/ljfour/jknappen/ec/dpi600\ecrm0800.pk> <C:\Users\gdelu\AppData\Local\MiKTeX\fonts/pk/ljfour/jknappen/ec/dpi600\ecbx0900.pk><C:/Users/gdelu/AppData/Local/Programs/MiKTeX/fonts/type1/public/amsfonts/cm/cmmi10.pfb><C:/Users/gdelu/AppData/Local/Programs/MiKTeX/fonts/type1/public/amsfonts/cm/cmr10.pfb><C:/Users/gdelu/AppData/Local/Programs/MiKTeX/fonts/type1/public/amsfonts/cm/cmsy10.pfb>
Output written on main.pdf (63 pages, 5258265 bytes).
PDF statistics:
 1805 PDF objects out of 2073 (max. 8388607)
 485 named destinations out of 1000 (max. 500000)
 939 words of extra memory for PDF output out of 10000 (max. 10000000)

